{"level":"debug","message":"Query: BEGIN","timestamp":"2025-04-14T04:33:15.534Z"}
{"level":"debug","message":"Duration: 0ms","timestamp":"2025-04-14T04:33:15.536Z"}
{"level":"debug","message":"Query: INSERT INTO \"public\".\"Appointment\" (\"id\",\"userId\",\"serviceId\",\"staffId\",\"date\",\"timeRange\",\"status\",\"createdAt\",\"updatedAt\") VALUES ($1,$2,$3,$4,$5,$6,CAST($7::text AS \"public\".\"Status\"),$8,$9) RETURNING \"public\".\"Appointment\".\"id\"","timestamp":"2025-04-14T04:33:15.537Z"}
{"level":"debug","message":"Duration: 3ms","timestamp":"2025-04-14T04:33:15.538Z"}
{"level":"debug","message":"Query: ROLLBACK","timestamp":"2025-04-14T04:33:15.538Z"}
{"level":"debug","message":"Duration: 0ms","timestamp":"2025-04-14T04:33:15.538Z"}
{"level":"error","message":"Database Error: \nInvalid `prisma.appointment.create()` invocation in\n/Users/mac/Engineering/GitHub/fullstack-engineering-learning/frontend/obytes/obytes-hello-project/backend/src/services/appointment.service.ts:22:31\n\n  19   date: Date;\n  20   timeRange: string;\n  21 }) {\n→ 22   return prisma.appointment.create(\nForeign key constraint violated: `Appointment_userId_fkey (index)`","timestamp":"2025-04-14T04:33:15.546Z"}
{"level":"debug","message":"Query: SELECT 1","timestamp":"2025-04-14T04:33:45.617Z"}
{"level":"debug","message":"Duration: 1ms","timestamp":"2025-04-14T04:33:45.617Z"}
{"level":"debug","message":"Query: BEGIN","timestamp":"2025-04-14T04:33:45.617Z"}
{"level":"debug","message":"Duration: 0ms","timestamp":"2025-04-14T04:33:45.617Z"}
{"level":"debug","message":"Query: INSERT INTO \"public\".\"Appointment\" (\"id\",\"userId\",\"serviceId\",\"staffId\",\"date\",\"timeRange\",\"status\",\"createdAt\",\"updatedAt\") VALUES ($1,$2,$3,$4,$5,$6,CAST($7::text AS \"public\".\"Status\"),$8,$9) RETURNING \"public\".\"Appointment\".\"id\"","timestamp":"2025-04-14T04:33:45.618Z"}
{"level":"debug","message":"Duration: 0ms","timestamp":"2025-04-14T04:33:45.618Z"}
{"level":"debug","message":"Query: ROLLBACK","timestamp":"2025-04-14T04:33:45.618Z"}
{"level":"debug","message":"Duration: 0ms","timestamp":"2025-04-14T04:33:45.618Z"}
{"level":"error","message":"Database Error: \nInvalid `prisma.appointment.create()` invocation in\n/Users/mac/Engineering/GitHub/fullstack-engineering-learning/frontend/obytes/obytes-hello-project/backend/src/services/appointment.service.ts:22:31\n\n  19   date: Date;\n  20   timeRange: string;\n  21 }) {\n→ 22   return prisma.appointment.create(\nForeign key constraint violated: `Appointment_userId_fkey (index)`","timestamp":"2025-04-14T04:33:45.620Z"}
{"level":"debug","message":"Query: SELECT 1","timestamp":"2025-04-14T04:35:43.721Z"}
{"level":"debug","message":"Duration: 0ms","timestamp":"2025-04-14T04:35:43.721Z"}
{"level":"debug","message":"Query: BEGIN","timestamp":"2025-04-14T04:35:43.721Z"}
{"level":"debug","message":"Duration: 0ms","timestamp":"2025-04-14T04:35:43.721Z"}
{"level":"debug","message":"Query: INSERT INTO \"public\".\"Appointment\" (\"id\",\"userId\",\"serviceId\",\"staffId\",\"date\",\"timeRange\",\"status\",\"createdAt\",\"updatedAt\") VALUES ($1,$2,$3,$4,$5,$6,CAST($7::text AS \"public\".\"Status\"),$8,$9) RETURNING \"public\".\"Appointment\".\"id\"","timestamp":"2025-04-14T04:35:43.724Z"}
{"level":"debug","message":"Duration: 2ms","timestamp":"2025-04-14T04:35:43.724Z"}
{"level":"debug","message":"Query: SELECT \"public\".\"Appointment\".\"id\", \"public\".\"Appointment\".\"userId\", \"public\".\"Appointment\".\"serviceId\", \"public\".\"Appointment\".\"staffId\", \"public\".\"Appointment\".\"date\", \"public\".\"Appointment\".\"timeRange\", \"public\".\"Appointment\".\"status\"::text, \"public\".\"Appointment\".\"createdAt\", \"public\".\"Appointment\".\"updatedAt\" FROM \"public\".\"Appointment\" WHERE \"public\".\"Appointment\".\"id\" = $1 LIMIT $2 OFFSET $3","timestamp":"2025-04-14T04:35:43.725Z"}
{"level":"debug","message":"Duration: 0ms","timestamp":"2025-04-14T04:35:43.725Z"}
{"level":"debug","message":"Query: SELECT \"public\".\"Service\".\"id\", \"public\".\"Service\".\"name\", \"public\".\"Service\".\"description\", \"public\".\"Service\".\"price\", \"public\".\"Service\".\"duration\", \"public\".\"Service\".\"category\"::text, \"public\".\"Service\".\"createdAt\", \"public\".\"Service\".\"updatedAt\", \"public\".\"Service\".\"imageUrl\" FROM \"public\".\"Service\" WHERE \"public\".\"Service\".\"id\" IN ($1) OFFSET $2","timestamp":"2025-04-14T04:35:43.725Z"}
{"level":"debug","message":"Duration: 0ms","timestamp":"2025-04-14T04:35:43.725Z"}
{"level":"debug","message":"Query: SELECT \"public\".\"Staff\".\"id\", \"public\".\"Staff\".\"name\", \"public\".\"Staff\".\"email\", \"public\".\"Staff\".\"phone\", \"public\".\"Staff\".\"avatarUrl\", \"public\".\"Staff\".\"createdAt\", \"public\".\"Staff\".\"updatedAt\" FROM \"public\".\"Staff\" WHERE \"public\".\"Staff\".\"id\" IN ($1) OFFSET $2","timestamp":"2025-04-14T04:35:43.727Z"}
{"level":"debug","message":"Duration: 0ms","timestamp":"2025-04-14T04:35:43.727Z"}
{"level":"debug","message":"Query: SELECT \"public\".\"User\".\"id\", \"public\".\"User\".\"email\", \"public\".\"User\".\"password\", \"public\".\"User\".\"name\", \"public\".\"User\".\"phone\", \"public\".\"User\".\"role\"::text, \"public\".\"User\".\"createdAt\", \"public\".\"User\".\"updatedAt\" FROM \"public\".\"User\" WHERE \"public\".\"User\".\"id\" IN ($1) OFFSET $2","timestamp":"2025-04-14T04:35:43.727Z"}
{"level":"debug","message":"Duration: 0ms","timestamp":"2025-04-14T04:35:43.728Z"}
{"level":"debug","message":"Query: COMMIT","timestamp":"2025-04-14T04:35:43.728Z"}
{"level":"debug","message":"Duration: 1ms","timestamp":"2025-04-14T04:35:43.728Z"}
{"level":"debug","message":"Query: SELECT 1","timestamp":"2025-04-14T04:37:37.765Z"}
{"level":"debug","message":"Duration: 0ms","timestamp":"2025-04-14T04:37:37.766Z"}
{"level":"debug","message":"Query: SELECT \"public\".\"Appointment\".\"id\", \"public\".\"Appointment\".\"userId\", \"public\".\"Appointment\".\"serviceId\", \"public\".\"Appointment\".\"staffId\", \"public\".\"Appointment\".\"date\", \"public\".\"Appointment\".\"timeRange\", \"public\".\"Appointment\".\"status\"::text, \"public\".\"Appointment\".\"createdAt\", \"public\".\"Appointment\".\"updatedAt\" FROM \"public\".\"Appointment\" WHERE \"public\".\"Appointment\".\"userId\" = $1 ORDER BY \"public\".\"Appointment\".\"date\" DESC OFFSET $2","timestamp":"2025-04-14T04:37:37.767Z"}
{"level":"debug","message":"Duration: 1ms","timestamp":"2025-04-14T04:37:37.767Z"}
{"level":"debug","message":"Query: SELECT \"public\".\"Service\".\"id\", \"public\".\"Service\".\"name\", \"public\".\"Service\".\"description\", \"public\".\"Service\".\"price\", \"public\".\"Service\".\"duration\", \"public\".\"Service\".\"category\"::text, \"public\".\"Service\".\"createdAt\", \"public\".\"Service\".\"updatedAt\", \"public\".\"Service\".\"imageUrl\" FROM \"public\".\"Service\" WHERE \"public\".\"Service\".\"id\" IN ($1) OFFSET $2","timestamp":"2025-04-14T04:37:37.767Z"}
{"level":"debug","message":"Duration: 0ms","timestamp":"2025-04-14T04:37:37.767Z"}
{"level":"debug","message":"Query: SELECT \"public\".\"Staff\".\"id\", \"public\".\"Staff\".\"name\", \"public\".\"Staff\".\"email\", \"public\".\"Staff\".\"phone\", \"public\".\"Staff\".\"avatarUrl\", \"public\".\"Staff\".\"createdAt\", \"public\".\"Staff\".\"updatedAt\" FROM \"public\".\"Staff\" WHERE \"public\".\"Staff\".\"id\" IN ($1) OFFSET $2","timestamp":"2025-04-14T04:37:37.768Z"}
{"level":"debug","message":"Duration: 0ms","timestamp":"2025-04-14T04:37:37.768Z"}
{"errors":["Invalid email address","Password must be at least 8 characters long"],"level":"error","name":"ValidationError","statusCode":400,"timestamp":"2025-04-15T02:56:28.532Z"}
{"errors":["Invalid email address","Password must be at least 8 characters long"],"level":"error","name":"ValidationError","statusCode":400,"timestamp":"2025-04-15T02:58:29.285Z"}
{"errors":["Invalid email address","Password must be at least 8 characters long"],"level":"error","name":"ValidationError","statusCode":400,"timestamp":"2025-04-15T02:59:59.216Z"}
{"errors":["Password must be at least 8 characters long"],"level":"error","name":"ValidationError","statusCode":400,"timestamp":"2025-04-15T03:02:34.236Z"}
{"errors":["Password must be at least 8 characters long"],"level":"error","name":"ValidationError","statusCode":400,"timestamp":"2025-04-15T03:03:32.392Z"}
{"errors":["Password must be at least 8 characters long"],"level":"error","name":"ValidationError","statusCode":400,"timestamp":"2025-04-15T03:05:31.027Z"}
{"level":"debug","message":"Query: UPDATE \"public\".\"Appointment\" SET \"timeRange\" = $1, \"updatedAt\" = $2 WHERE (\"public\".\"Appointment\".\"id\" = $3 AND 1=1) RETURNING \"public\".\"Appointment\".\"id\", \"public\".\"Appointment\".\"userId\", \"public\".\"Appointment\".\"serviceId\", \"public\".\"Appointment\".\"staffId\", \"public\".\"Appointment\".\"date\", \"public\".\"Appointment\".\"timeRange\", \"public\".\"Appointment\".\"status\"::text, \"public\".\"Appointment\".\"createdAt\", \"public\".\"Appointment\".\"updatedAt\"","timestamp":"2025-04-15T08:15:35.749Z"}
{"level":"debug","message":"Duration: 4ms","timestamp":"2025-04-15T08:15:35.753Z"}
{"level":"debug","message":"Query: UPDATE \"public\".\"Appointment\" SET \"status\" = CAST($1::text AS \"public\".\"Status\"), \"updatedAt\" = $2 WHERE (\"public\".\"Appointment\".\"id\" = $3 AND 1=1) RETURNING \"public\".\"Appointment\".\"id\", \"public\".\"Appointment\".\"userId\", \"public\".\"Appointment\".\"serviceId\", \"public\".\"Appointment\".\"staffId\", \"public\".\"Appointment\".\"date\", \"public\".\"Appointment\".\"timeRange\", \"public\".\"Appointment\".\"status\"::text, \"public\".\"Appointment\".\"createdAt\", \"public\".\"Appointment\".\"updatedAt\"","timestamp":"2025-04-15T08:28:47.792Z"}
{"level":"debug","message":"Duration: 3ms","timestamp":"2025-04-15T08:28:47.794Z"}
{"level":"debug","message":"Query: SELECT \"public\".\"Appointment\".\"id\", \"public\".\"Appointment\".\"userId\", \"public\".\"Appointment\".\"serviceId\", \"public\".\"Appointment\".\"staffId\", \"public\".\"Appointment\".\"date\", \"public\".\"Appointment\".\"timeRange\", \"public\".\"Appointment\".\"status\"::text, \"public\".\"Appointment\".\"createdAt\", \"public\".\"Appointment\".\"updatedAt\" FROM \"public\".\"Appointment\" WHERE \"public\".\"Appointment\".\"userId\" = $1 ORDER BY \"public\".\"Appointment\".\"date\" DESC OFFSET $2","timestamp":"2025-04-15T08:28:59.122Z"}
{"level":"debug","message":"Duration: 2ms","timestamp":"2025-04-15T08:28:59.123Z"}
{"level":"debug","message":"Query: SELECT \"public\".\"Service\".\"id\", \"public\".\"Service\".\"name\", \"public\".\"Service\".\"description\", \"public\".\"Service\".\"price\", \"public\".\"Service\".\"duration\", \"public\".\"Service\".\"category\"::text, \"public\".\"Service\".\"createdAt\", \"public\".\"Service\".\"updatedAt\", \"public\".\"Service\".\"imageUrl\" FROM \"public\".\"Service\" WHERE \"public\".\"Service\".\"id\" IN ($1) OFFSET $2","timestamp":"2025-04-15T08:28:59.123Z"}
{"level":"debug","message":"Duration: 1ms","timestamp":"2025-04-15T08:28:59.124Z"}
{"level":"debug","message":"Query: SELECT \"public\".\"Staff\".\"id\", \"public\".\"Staff\".\"name\", \"public\".\"Staff\".\"email\", \"public\".\"Staff\".\"phone\", \"public\".\"Staff\".\"avatarUrl\", \"public\".\"Staff\".\"createdAt\", \"public\".\"Staff\".\"updatedAt\" FROM \"public\".\"Staff\" WHERE \"public\".\"Staff\".\"id\" IN ($1) OFFSET $2","timestamp":"2025-04-15T08:28:59.126Z"}
{"level":"debug","message":"Duration: 2ms","timestamp":"2025-04-15T08:28:59.127Z"}
{"level":"debug","message":"Query: BEGIN","timestamp":"2025-04-15T09:34:04.867Z"}
{"level":"debug","message":"Duration: 0ms","timestamp":"2025-04-15T09:34:04.868Z"}
{"level":"debug","message":"Query: INSERT INTO \"public\".\"Appointment\" (\"id\",\"userId\",\"serviceId\",\"staffId\",\"date\",\"timeRange\",\"status\",\"createdAt\",\"updatedAt\") VALUES ($1,$2,$3,$4,$5,$6,CAST($7::text AS \"public\".\"Status\"),$8,$9) RETURNING \"public\".\"Appointment\".\"id\"","timestamp":"2025-04-15T09:34:04.872Z"}
{"level":"debug","message":"Duration: 4ms","timestamp":"2025-04-15T09:34:04.872Z"}
{"level":"debug","message":"Query: SELECT \"public\".\"Appointment\".\"id\", \"public\".\"Appointment\".\"userId\", \"public\".\"Appointment\".\"serviceId\", \"public\".\"Appointment\".\"staffId\", \"public\".\"Appointment\".\"date\", \"public\".\"Appointment\".\"timeRange\", \"public\".\"Appointment\".\"status\"::text, \"public\".\"Appointment\".\"createdAt\", \"public\".\"Appointment\".\"updatedAt\" FROM \"public\".\"Appointment\" WHERE \"public\".\"Appointment\".\"id\" = $1 LIMIT $2 OFFSET $3","timestamp":"2025-04-15T09:34:04.872Z"}
{"level":"debug","message":"Duration: 0ms","timestamp":"2025-04-15T09:34:04.872Z"}
{"level":"debug","message":"Query: SELECT \"public\".\"Service\".\"id\", \"public\".\"Service\".\"name\", \"public\".\"Service\".\"description\", \"public\".\"Service\".\"price\", \"public\".\"Service\".\"duration\", \"public\".\"Service\".\"category\"::text, \"public\".\"Service\".\"createdAt\", \"public\".\"Service\".\"updatedAt\", \"public\".\"Service\".\"imageUrl\" FROM \"public\".\"Service\" WHERE \"public\".\"Service\".\"id\" IN ($1) OFFSET $2","timestamp":"2025-04-15T09:34:04.873Z"}
{"level":"debug","message":"Duration: 0ms","timestamp":"2025-04-15T09:34:04.873Z"}
{"level":"debug","message":"Query: SELECT \"public\".\"Staff\".\"id\", \"public\".\"Staff\".\"name\", \"public\".\"Staff\".\"email\", \"public\".\"Staff\".\"phone\", \"public\".\"Staff\".\"avatarUrl\", \"public\".\"Staff\".\"createdAt\", \"public\".\"Staff\".\"updatedAt\" FROM \"public\".\"Staff\" WHERE \"public\".\"Staff\".\"id\" IN ($1) OFFSET $2","timestamp":"2025-04-15T09:34:04.873Z"}
{"level":"debug","message":"Duration: 0ms","timestamp":"2025-04-15T09:34:04.873Z"}
{"level":"debug","message":"Query: SELECT \"public\".\"User\".\"id\", \"public\".\"User\".\"email\", \"public\".\"User\".\"password\", \"public\".\"User\".\"name\", \"public\".\"User\".\"phone\", \"public\".\"User\".\"role\"::text, \"public\".\"User\".\"createdAt\", \"public\".\"User\".\"updatedAt\" FROM \"public\".\"User\" WHERE \"public\".\"User\".\"id\" IN ($1) OFFSET $2","timestamp":"2025-04-15T09:34:04.874Z"}
{"level":"debug","message":"Duration: 0ms","timestamp":"2025-04-15T09:34:04.874Z"}
{"level":"debug","message":"Query: COMMIT","timestamp":"2025-04-15T09:34:04.875Z"}
{"level":"debug","message":"Duration: 0ms","timestamp":"2025-04-15T09:34:04.875Z"}
{"level":"error","message":"Database Error: \nInvalid `prisma.appointment.create()` invocation in\n/Users/mac/Engineering/GitHub/fullstack-engineering-learning/frontend/obytes/obytes-hello-project/backend/src/services/appointment.service.ts:22:31\n\n  19   date: Date;\n  20   timeRange: string;\n  21 }) {\n→ 22   return prisma.appointment.create({\n         data: {\n           userId: \"99288e30-5576-4286-9452-e60c9f1f61e2\",\n           serviceId: \"89213f9f-f46c-4f9b-b3e8-a677a784e161\",\n           staffId: \"32281634-f927-47e4-97d2-73acfc1aa70b\",\n           date: \"2025-04-16T17:00:00.000Z\",\n           timeRange: \"13:00-14:00\",\n           note: \"ccasfdfadfadfafdafasdfsdfdsf\",\n           ~~~~\n       ?   id?: String,\n       ?   status?: Status,\n       ?   createdAt?: DateTime,\n       ?   updatedAt?: DateTime\n         },\n         include: {\n           service: true,\n           staff: true,\n           user: true\n         }\n       })\n\nUnknown argument `note`. Did you mean `date`? Available options are marked with ?.","timestamp":"2025-04-16T08:20:07.740Z"}
{"level":"error","message":"Database Error: \nInvalid `prisma.appointment.create()` invocation in\n/Users/mac/Engineering/GitHub/fullstack-engineering-learning/frontend/obytes/obytes-hello-project/backend/src/services/appointment.service.ts:22:31\n\n  19   date: Date;\n  20   timeRange: string;\n  21 }) {\n→ 22   return prisma.appointment.create({\n         data: {\n           userId: \"99288e30-5576-4286-9452-e60c9f1f61e2\",\n           serviceId: \"89213f9f-f46c-4f9b-b3e8-a677a784e161\",\n           staffId: \"32281634-f927-47e4-97d2-73acfc1aa70b\",\n           date: \"2025-04-16T17:00:00.000Z\",\n           timeRange: \"13:00-14:00\",\n           note: \"ccasfdfadfadfafdafasdfsdfdsf\",\n           ~~~~\n       ?   id?: String,\n       ?   status?: Status,\n       ?   createdAt?: DateTime,\n       ?   updatedAt?: DateTime,\n       ?   notes?: String | Null\n         },\n         include: {\n           service: true,\n           staff: true,\n           user: true\n         }\n       })\n\nUnknown argument `note`. Did you mean `notes`? Available options are marked with ?.","timestamp":"2025-04-16T08:26:25.060Z"}
{"level":"error","message":"Database Error: \nInvalid `prisma.appointment.create()` invocation in\n/Users/mac/Engineering/GitHub/fullstack-engineering-learning/frontend/obytes/obytes-hello-project/backend/src/services/appointment.service.ts:23:31\n\n  20   timeRange: string;\n  21   notes: string;\n  22 }) {\n→ 23   return prisma.appointment.create({\n         data: {\n           userId: \"99288e30-5576-4286-9452-e60c9f1f61e2\",\n           serviceId: \"89213f9f-f46c-4f9b-b3e8-a677a784e161\",\n           staffId: \"32281634-f927-47e4-97d2-73acfc1aa70b\",\n           date: \"2025-04-16T17:00:00.000Z\",\n           timeRange: \"13:00-14:00\",\n           note: \"ccasfdfadfadfafdafasdfsdfdsf\",\n           ~~~~\n       ?   id?: String,\n       ?   status?: Status,\n       ?   createdAt?: DateTime,\n       ?   updatedAt?: DateTime,\n       ?   notes?: String | Null\n         },\n         include: {\n           service: true,\n           staff: true,\n           user: true\n         }\n       })\n\nUnknown argument `note`. Did you mean `notes`? Available options are marked with ?.","timestamp":"2025-04-16T08:27:30.535Z"}
{"level":"debug","message":"Query: BEGIN","timestamp":"2025-04-16T08:28:41.638Z"}
{"level":"debug","message":"Duration: 0ms","timestamp":"2025-04-16T08:28:41.639Z"}
{"level":"debug","message":"Query: INSERT INTO \"public\".\"Appointment\" (\"id\",\"userId\",\"serviceId\",\"staffId\",\"date\",\"timeRange\",\"status\",\"createdAt\",\"updatedAt\",\"note\") VALUES ($1,$2,$3,$4,$5,$6,CAST($7::text AS \"public\".\"Status\"),$8,$9,$10) RETURNING \"public\".\"Appointment\".\"id\"","timestamp":"2025-04-16T08:28:41.640Z"}
{"level":"debug","message":"Duration: 1ms","timestamp":"2025-04-16T08:28:41.640Z"}
{"level":"debug","message":"Query: SELECT \"public\".\"Appointment\".\"id\", \"public\".\"Appointment\".\"userId\", \"public\".\"Appointment\".\"serviceId\", \"public\".\"Appointment\".\"staffId\", \"public\".\"Appointment\".\"date\", \"public\".\"Appointment\".\"timeRange\", \"public\".\"Appointment\".\"status\"::text, \"public\".\"Appointment\".\"createdAt\", \"public\".\"Appointment\".\"updatedAt\", \"public\".\"Appointment\".\"note\" FROM \"public\".\"Appointment\" WHERE \"public\".\"Appointment\".\"id\" = $1 LIMIT $2 OFFSET $3","timestamp":"2025-04-16T08:28:41.640Z"}
{"level":"debug","message":"Duration: 0ms","timestamp":"2025-04-16T08:28:41.641Z"}
{"level":"debug","message":"Query: SELECT \"public\".\"Service\".\"id\", \"public\".\"Service\".\"name\", \"public\".\"Service\".\"description\", \"public\".\"Service\".\"price\", \"public\".\"Service\".\"duration\", \"public\".\"Service\".\"category\"::text, \"public\".\"Service\".\"createdAt\", \"public\".\"Service\".\"updatedAt\", \"public\".\"Service\".\"imageUrl\" FROM \"public\".\"Service\" WHERE \"public\".\"Service\".\"id\" IN ($1) OFFSET $2","timestamp":"2025-04-16T08:28:41.641Z"}
{"level":"debug","message":"Duration: 0ms","timestamp":"2025-04-16T08:28:41.641Z"}
{"level":"debug","message":"Query: SELECT \"public\".\"Staff\".\"id\", \"public\".\"Staff\".\"name\", \"public\".\"Staff\".\"email\", \"public\".\"Staff\".\"phone\", \"public\".\"Staff\".\"avatarUrl\", \"public\".\"Staff\".\"createdAt\", \"public\".\"Staff\".\"updatedAt\" FROM \"public\".\"Staff\" WHERE \"public\".\"Staff\".\"id\" IN ($1) OFFSET $2","timestamp":"2025-04-16T08:28:41.641Z"}
{"level":"debug","message":"Duration: 0ms","timestamp":"2025-04-16T08:28:41.641Z"}
{"level":"debug","message":"Query: SELECT \"public\".\"User\".\"id\", \"public\".\"User\".\"email\", \"public\".\"User\".\"password\", \"public\".\"User\".\"name\", \"public\".\"User\".\"phone\", \"public\".\"User\".\"role\"::text, \"public\".\"User\".\"createdAt\", \"public\".\"User\".\"updatedAt\" FROM \"public\".\"User\" WHERE \"public\".\"User\".\"id\" IN ($1) OFFSET $2","timestamp":"2025-04-16T08:28:41.641Z"}
{"level":"debug","message":"Duration: 0ms","timestamp":"2025-04-16T08:28:41.642Z"}
{"level":"debug","message":"Query: COMMIT","timestamp":"2025-04-16T08:28:41.642Z"}
{"level":"debug","message":"Duration: 0ms","timestamp":"2025-04-16T08:28:41.642Z"}
{"level":"debug","message":"Query: BEGIN","timestamp":"2025-04-16T08:57:33.287Z"}
{"level":"debug","message":"Duration: 0ms","timestamp":"2025-04-16T08:57:33.288Z"}
{"level":"debug","message":"Query: INSERT INTO \"public\".\"Appointment\" (\"id\",\"userId\",\"serviceId\",\"staffId\",\"date\",\"timeRange\",\"status\",\"createdAt\",\"updatedAt\",\"note\") VALUES ($1,$2,$3,$4,$5,$6,CAST($7::text AS \"public\".\"Status\"),$8,$9,$10) RETURNING \"public\".\"Appointment\".\"id\"","timestamp":"2025-04-16T08:57:33.290Z"}
{"level":"debug","message":"Duration: 2ms","timestamp":"2025-04-16T08:57:33.290Z"}
{"level":"debug","message":"Query: SELECT \"public\".\"Appointment\".\"id\", \"public\".\"Appointment\".\"userId\", \"public\".\"Appointment\".\"serviceId\", \"public\".\"Appointment\".\"staffId\", \"public\".\"Appointment\".\"date\", \"public\".\"Appointment\".\"timeRange\", \"public\".\"Appointment\".\"status\"::text, \"public\".\"Appointment\".\"createdAt\", \"public\".\"Appointment\".\"updatedAt\", \"public\".\"Appointment\".\"note\" FROM \"public\".\"Appointment\" WHERE \"public\".\"Appointment\".\"id\" = $1 LIMIT $2 OFFSET $3","timestamp":"2025-04-16T08:57:33.291Z"}
{"level":"debug","message":"Duration: 0ms","timestamp":"2025-04-16T08:57:33.291Z"}
{"level":"debug","message":"Query: SELECT \"public\".\"Service\".\"id\", \"public\".\"Service\".\"name\", \"public\".\"Service\".\"description\", \"public\".\"Service\".\"price\", \"public\".\"Service\".\"duration\", \"public\".\"Service\".\"category\"::text, \"public\".\"Service\".\"createdAt\", \"public\".\"Service\".\"updatedAt\", \"public\".\"Service\".\"imageUrl\" FROM \"public\".\"Service\" WHERE \"public\".\"Service\".\"id\" IN ($1) OFFSET $2","timestamp":"2025-04-16T08:57:33.291Z"}
{"level":"debug","message":"Duration: 0ms","timestamp":"2025-04-16T08:57:33.291Z"}
{"level":"debug","message":"Query: SELECT \"public\".\"Staff\".\"id\", \"public\".\"Staff\".\"name\", \"public\".\"Staff\".\"email\", \"public\".\"Staff\".\"phone\", \"public\".\"Staff\".\"avatarUrl\", \"public\".\"Staff\".\"createdAt\", \"public\".\"Staff\".\"updatedAt\" FROM \"public\".\"Staff\" WHERE \"public\".\"Staff\".\"id\" IN ($1) OFFSET $2","timestamp":"2025-04-16T08:57:33.291Z"}
{"level":"debug","message":"Duration: 0ms","timestamp":"2025-04-16T08:57:33.291Z"}
{"level":"debug","message":"Query: SELECT \"public\".\"User\".\"id\", \"public\".\"User\".\"email\", \"public\".\"User\".\"password\", \"public\".\"User\".\"name\", \"public\".\"User\".\"phone\", \"public\".\"User\".\"role\"::text, \"public\".\"User\".\"createdAt\", \"public\".\"User\".\"updatedAt\" FROM \"public\".\"User\" WHERE \"public\".\"User\".\"id\" IN ($1) OFFSET $2","timestamp":"2025-04-16T08:57:33.292Z"}
{"level":"debug","message":"Duration: 0ms","timestamp":"2025-04-16T08:57:33.292Z"}
{"level":"debug","message":"Query: COMMIT","timestamp":"2025-04-16T08:57:33.293Z"}
{"level":"debug","message":"Duration: 1ms","timestamp":"2025-04-16T08:57:33.293Z"}
{"level":"debug","message":"Query: BEGIN","timestamp":"2025-04-16T09:08:46.691Z"}
{"level":"debug","message":"Duration: 0ms","timestamp":"2025-04-16T09:08:46.691Z"}
{"level":"debug","message":"Query: INSERT INTO \"public\".\"Appointment\" (\"id\",\"userId\",\"serviceId\",\"staffId\",\"date\",\"timeRange\",\"status\",\"createdAt\",\"updatedAt\",\"note\") VALUES ($1,$2,$3,$4,$5,$6,CAST($7::text AS \"public\".\"Status\"),$8,$9,$10) RETURNING \"public\".\"Appointment\".\"id\"","timestamp":"2025-04-16T09:08:46.695Z"}
{"level":"debug","message":"Duration: 3ms","timestamp":"2025-04-16T09:08:46.695Z"}
{"level":"debug","message":"Query: SELECT \"public\".\"Appointment\".\"id\", \"public\".\"Appointment\".\"userId\", \"public\".\"Appointment\".\"serviceId\", \"public\".\"Appointment\".\"staffId\", \"public\".\"Appointment\".\"date\", \"public\".\"Appointment\".\"timeRange\", \"public\".\"Appointment\".\"status\"::text, \"public\".\"Appointment\".\"createdAt\", \"public\".\"Appointment\".\"updatedAt\", \"public\".\"Appointment\".\"note\" FROM \"public\".\"Appointment\" WHERE \"public\".\"Appointment\".\"id\" = $1 LIMIT $2 OFFSET $3","timestamp":"2025-04-16T09:08:46.696Z"}
{"level":"debug","message":"Duration: 0ms","timestamp":"2025-04-16T09:08:46.696Z"}
{"level":"debug","message":"Query: SELECT \"public\".\"Service\".\"id\", \"public\".\"Service\".\"name\", \"public\".\"Service\".\"description\", \"public\".\"Service\".\"price\", \"public\".\"Service\".\"duration\", \"public\".\"Service\".\"category\"::text, \"public\".\"Service\".\"createdAt\", \"public\".\"Service\".\"updatedAt\", \"public\".\"Service\".\"imageUrl\" FROM \"public\".\"Service\" WHERE \"public\".\"Service\".\"id\" IN ($1) OFFSET $2","timestamp":"2025-04-16T09:08:46.697Z"}
{"level":"debug","message":"Duration: 0ms","timestamp":"2025-04-16T09:08:46.697Z"}
{"level":"debug","message":"Query: SELECT \"public\".\"Staff\".\"id\", \"public\".\"Staff\".\"name\", \"public\".\"Staff\".\"email\", \"public\".\"Staff\".\"phone\", \"public\".\"Staff\".\"avatarUrl\", \"public\".\"Staff\".\"createdAt\", \"public\".\"Staff\".\"updatedAt\" FROM \"public\".\"Staff\" WHERE \"public\".\"Staff\".\"id\" IN ($1) OFFSET $2","timestamp":"2025-04-16T09:08:46.697Z"}
{"level":"debug","message":"Duration: 0ms","timestamp":"2025-04-16T09:08:46.697Z"}
{"level":"debug","message":"Query: SELECT \"public\".\"User\".\"id\", \"public\".\"User\".\"email\", \"public\".\"User\".\"password\", \"public\".\"User\".\"name\", \"public\".\"User\".\"phone\", \"public\".\"User\".\"role\"::text, \"public\".\"User\".\"createdAt\", \"public\".\"User\".\"updatedAt\" FROM \"public\".\"User\" WHERE \"public\".\"User\".\"id\" IN ($1) OFFSET $2","timestamp":"2025-04-16T09:08:46.698Z"}
{"level":"debug","message":"Duration: 0ms","timestamp":"2025-04-16T09:08:46.698Z"}
{"level":"debug","message":"Query: COMMIT","timestamp":"2025-04-16T09:08:46.699Z"}
{"level":"debug","message":"Duration: 0ms","timestamp":"2025-04-16T09:08:46.699Z"}
{"level":"debug","message":"Query: SELECT 1","timestamp":"2025-04-16T09:09:16.233Z"}
{"level":"debug","message":"Duration: 0ms","timestamp":"2025-04-16T09:09:16.233Z"}
{"level":"debug","message":"Query: BEGIN","timestamp":"2025-04-16T09:09:16.233Z"}
{"level":"debug","message":"Duration: 0ms","timestamp":"2025-04-16T09:09:16.234Z"}
{"level":"debug","message":"Query: INSERT INTO \"public\".\"Appointment\" (\"id\",\"userId\",\"serviceId\",\"staffId\",\"date\",\"timeRange\",\"status\",\"createdAt\",\"updatedAt\",\"note\") VALUES ($1,$2,$3,$4,$5,$6,CAST($7::text AS \"public\".\"Status\"),$8,$9,$10) RETURNING \"public\".\"Appointment\".\"id\"","timestamp":"2025-04-16T09:09:16.240Z"}
{"level":"debug","message":"Duration: 6ms","timestamp":"2025-04-16T09:09:16.240Z"}
{"level":"debug","message":"Query: SELECT \"public\".\"Appointment\".\"id\", \"public\".\"Appointment\".\"userId\", \"public\".\"Appointment\".\"serviceId\", \"public\".\"Appointment\".\"staffId\", \"public\".\"Appointment\".\"date\", \"public\".\"Appointment\".\"timeRange\", \"public\".\"Appointment\".\"status\"::text, \"public\".\"Appointment\".\"createdAt\", \"public\".\"Appointment\".\"updatedAt\", \"public\".\"Appointment\".\"note\" FROM \"public\".\"Appointment\" WHERE \"public\".\"Appointment\".\"id\" = $1 LIMIT $2 OFFSET $3","timestamp":"2025-04-16T09:09:16.240Z"}
{"level":"debug","message":"Duration: 0ms","timestamp":"2025-04-16T09:09:16.240Z"}
{"level":"debug","message":"Query: SELECT \"public\".\"Service\".\"id\", \"public\".\"Service\".\"name\", \"public\".\"Service\".\"description\", \"public\".\"Service\".\"price\", \"public\".\"Service\".\"duration\", \"public\".\"Service\".\"category\"::text, \"public\".\"Service\".\"createdAt\", \"public\".\"Service\".\"updatedAt\", \"public\".\"Service\".\"imageUrl\" FROM \"public\".\"Service\" WHERE \"public\".\"Service\".\"id\" IN ($1) OFFSET $2","timestamp":"2025-04-16T09:09:16.241Z"}
{"level":"debug","message":"Duration: 0ms","timestamp":"2025-04-16T09:09:16.241Z"}
{"level":"debug","message":"Query: SELECT \"public\".\"Staff\".\"id\", \"public\".\"Staff\".\"name\", \"public\".\"Staff\".\"email\", \"public\".\"Staff\".\"phone\", \"public\".\"Staff\".\"avatarUrl\", \"public\".\"Staff\".\"createdAt\", \"public\".\"Staff\".\"updatedAt\" FROM \"public\".\"Staff\" WHERE \"public\".\"Staff\".\"id\" IN ($1) OFFSET $2","timestamp":"2025-04-16T09:09:16.241Z"}
{"level":"debug","message":"Duration: 0ms","timestamp":"2025-04-16T09:09:16.241Z"}
{"level":"debug","message":"Query: SELECT \"public\".\"User\".\"id\", \"public\".\"User\".\"email\", \"public\".\"User\".\"password\", \"public\".\"User\".\"name\", \"public\".\"User\".\"phone\", \"public\".\"User\".\"role\"::text, \"public\".\"User\".\"createdAt\", \"public\".\"User\".\"updatedAt\" FROM \"public\".\"User\" WHERE \"public\".\"User\".\"id\" IN ($1) OFFSET $2","timestamp":"2025-04-16T09:09:16.241Z"}
{"level":"debug","message":"Duration: 0ms","timestamp":"2025-04-16T09:09:16.241Z"}
{"level":"debug","message":"Query: COMMIT","timestamp":"2025-04-16T09:09:16.243Z"}
{"level":"debug","message":"Duration: 1ms","timestamp":"2025-04-16T09:09:16.243Z"}
{"level":"debug","message":"Query: BEGIN","timestamp":"2025-04-16T09:15:57.315Z"}
{"level":"debug","message":"Duration: 0ms","timestamp":"2025-04-16T09:15:57.316Z"}
{"level":"debug","message":"Query: INSERT INTO \"public\".\"Appointment\" (\"id\",\"userId\",\"serviceId\",\"staffId\",\"date\",\"timeRange\",\"status\",\"createdAt\",\"updatedAt\",\"note\") VALUES ($1,$2,$3,$4,$5,$6,CAST($7::text AS \"public\".\"Status\"),$8,$9,$10) RETURNING \"public\".\"Appointment\".\"id\"","timestamp":"2025-04-16T09:15:57.319Z"}
{"level":"debug","message":"Duration: 3ms","timestamp":"2025-04-16T09:15:57.319Z"}
{"level":"debug","message":"Query: SELECT \"public\".\"Appointment\".\"id\", \"public\".\"Appointment\".\"userId\", \"public\".\"Appointment\".\"serviceId\", \"public\".\"Appointment\".\"staffId\", \"public\".\"Appointment\".\"date\", \"public\".\"Appointment\".\"timeRange\", \"public\".\"Appointment\".\"status\"::text, \"public\".\"Appointment\".\"createdAt\", \"public\".\"Appointment\".\"updatedAt\", \"public\".\"Appointment\".\"note\" FROM \"public\".\"Appointment\" WHERE \"public\".\"Appointment\".\"id\" = $1 LIMIT $2 OFFSET $3","timestamp":"2025-04-16T09:15:57.319Z"}
{"level":"debug","message":"Duration: 0ms","timestamp":"2025-04-16T09:15:57.319Z"}
{"level":"debug","message":"Query: SELECT \"public\".\"Service\".\"id\", \"public\".\"Service\".\"name\", \"public\".\"Service\".\"description\", \"public\".\"Service\".\"price\", \"public\".\"Service\".\"duration\", \"public\".\"Service\".\"category\"::text, \"public\".\"Service\".\"createdAt\", \"public\".\"Service\".\"updatedAt\", \"public\".\"Service\".\"imageUrl\" FROM \"public\".\"Service\" WHERE \"public\".\"Service\".\"id\" IN ($1) OFFSET $2","timestamp":"2025-04-16T09:15:57.320Z"}
{"level":"debug","message":"Duration: 0ms","timestamp":"2025-04-16T09:15:57.320Z"}
{"level":"debug","message":"Query: SELECT \"public\".\"Staff\".\"id\", \"public\".\"Staff\".\"name\", \"public\".\"Staff\".\"email\", \"public\".\"Staff\".\"phone\", \"public\".\"Staff\".\"avatarUrl\", \"public\".\"Staff\".\"createdAt\", \"public\".\"Staff\".\"updatedAt\" FROM \"public\".\"Staff\" WHERE \"public\".\"Staff\".\"id\" IN ($1) OFFSET $2","timestamp":"2025-04-16T09:15:57.320Z"}
{"level":"debug","message":"Duration: 0ms","timestamp":"2025-04-16T09:15:57.320Z"}
{"level":"debug","message":"Query: SELECT \"public\".\"User\".\"id\", \"public\".\"User\".\"email\", \"public\".\"User\".\"password\", \"public\".\"User\".\"name\", \"public\".\"User\".\"phone\", \"public\".\"User\".\"role\"::text, \"public\".\"User\".\"createdAt\", \"public\".\"User\".\"updatedAt\" FROM \"public\".\"User\" WHERE \"public\".\"User\".\"id\" IN ($1) OFFSET $2","timestamp":"2025-04-16T09:15:57.321Z"}
{"level":"debug","message":"Duration: 0ms","timestamp":"2025-04-16T09:15:57.321Z"}
{"level":"debug","message":"Query: COMMIT","timestamp":"2025-04-16T09:15:57.322Z"}
{"level":"debug","message":"Duration: 0ms","timestamp":"2025-04-16T09:15:57.322Z"}
{"level":"debug","message":"Query: UPDATE \"public\".\"Appointment\" SET \"timeRange\" = $1, \"note\" = $2, \"updatedAt\" = $3 WHERE (\"public\".\"Appointment\".\"id\" = $4 AND 1=1) RETURNING \"public\".\"Appointment\".\"id\", \"public\".\"Appointment\".\"userId\", \"public\".\"Appointment\".\"serviceId\", \"public\".\"Appointment\".\"staffId\", \"public\".\"Appointment\".\"date\", \"public\".\"Appointment\".\"timeRange\", \"public\".\"Appointment\".\"status\"::text, \"public\".\"Appointment\".\"createdAt\", \"public\".\"Appointment\".\"updatedAt\", \"public\".\"Appointment\".\"note\"","timestamp":"2025-04-16T09:27:43.831Z"}
{"level":"debug","message":"Duration: 2ms","timestamp":"2025-04-16T09:27:43.834Z"}
{"level":"debug","message":"Query: SELECT 1","timestamp":"2025-04-16T09:28:28.712Z"}
{"level":"debug","message":"Duration: 0ms","timestamp":"2025-04-16T09:28:28.712Z"}
{"level":"debug","message":"Query: UPDATE \"public\".\"Appointment\" SET \"timeRange\" = $1, \"note\" = $2, \"updatedAt\" = $3 WHERE (\"public\".\"Appointment\".\"id\" = $4 AND 1=1) RETURNING \"public\".\"Appointment\".\"id\", \"public\".\"Appointment\".\"userId\", \"public\".\"Appointment\".\"serviceId\", \"public\".\"Appointment\".\"staffId\", \"public\".\"Appointment\".\"date\", \"public\".\"Appointment\".\"timeRange\", \"public\".\"Appointment\".\"status\"::text, \"public\".\"Appointment\".\"createdAt\", \"public\".\"Appointment\".\"updatedAt\", \"public\".\"Appointment\".\"note\"","timestamp":"2025-04-16T09:28:28.713Z"}
{"level":"debug","message":"Duration: 0ms","timestamp":"2025-04-16T09:28:28.713Z"}
{"level":"debug","message":"Query: SELECT 1","timestamp":"2025-04-16T09:28:47.775Z"}
{"level":"debug","message":"Duration: 3ms","timestamp":"2025-04-16T09:28:47.775Z"}
{"level":"debug","message":"Query: BEGIN","timestamp":"2025-04-16T09:28:47.776Z"}
{"level":"debug","message":"Duration: 0ms","timestamp":"2025-04-16T09:28:47.776Z"}
{"level":"debug","message":"Query: INSERT INTO \"public\".\"Appointment\" (\"id\",\"userId\",\"serviceId\",\"staffId\",\"date\",\"timeRange\",\"status\",\"createdAt\",\"updatedAt\",\"note\") VALUES ($1,$2,$3,$4,$5,$6,CAST($7::text AS \"public\".\"Status\"),$8,$9,$10) RETURNING \"public\".\"Appointment\".\"id\"","timestamp":"2025-04-16T09:28:47.779Z"}
{"level":"debug","message":"Duration: 3ms","timestamp":"2025-04-16T09:28:47.779Z"}
{"level":"debug","message":"Query: SELECT \"public\".\"Appointment\".\"id\", \"public\".\"Appointment\".\"userId\", \"public\".\"Appointment\".\"serviceId\", \"public\".\"Appointment\".\"staffId\", \"public\".\"Appointment\".\"date\", \"public\".\"Appointment\".\"timeRange\", \"public\".\"Appointment\".\"status\"::text, \"public\".\"Appointment\".\"createdAt\", \"public\".\"Appointment\".\"updatedAt\", \"public\".\"Appointment\".\"note\" FROM \"public\".\"Appointment\" WHERE \"public\".\"Appointment\".\"id\" = $1 LIMIT $2 OFFSET $3","timestamp":"2025-04-16T09:28:47.780Z"}
{"level":"debug","message":"Duration: 0ms","timestamp":"2025-04-16T09:28:47.780Z"}
{"level":"debug","message":"Query: SELECT \"public\".\"Service\".\"id\", \"public\".\"Service\".\"name\", \"public\".\"Service\".\"description\", \"public\".\"Service\".\"price\", \"public\".\"Service\".\"duration\", \"public\".\"Service\".\"category\"::text, \"public\".\"Service\".\"createdAt\", \"public\".\"Service\".\"updatedAt\", \"public\".\"Service\".\"imageUrl\" FROM \"public\".\"Service\" WHERE \"public\".\"Service\".\"id\" IN ($1) OFFSET $2","timestamp":"2025-04-16T09:28:47.780Z"}
{"level":"debug","message":"Duration: 0ms","timestamp":"2025-04-16T09:28:47.780Z"}
{"level":"debug","message":"Query: SELECT \"public\".\"Staff\".\"id\", \"public\".\"Staff\".\"name\", \"public\".\"Staff\".\"email\", \"public\".\"Staff\".\"phone\", \"public\".\"Staff\".\"avatarUrl\", \"public\".\"Staff\".\"createdAt\", \"public\".\"Staff\".\"updatedAt\" FROM \"public\".\"Staff\" WHERE \"public\".\"Staff\".\"id\" IN ($1) OFFSET $2","timestamp":"2025-04-16T09:28:47.781Z"}
{"level":"debug","message":"Duration: 0ms","timestamp":"2025-04-16T09:28:47.781Z"}
{"level":"debug","message":"Query: SELECT \"public\".\"User\".\"id\", \"public\".\"User\".\"email\", \"public\".\"User\".\"password\", \"public\".\"User\".\"name\", \"public\".\"User\".\"phone\", \"public\".\"User\".\"role\"::text, \"public\".\"User\".\"createdAt\", \"public\".\"User\".\"updatedAt\" FROM \"public\".\"User\" WHERE \"public\".\"User\".\"id\" IN ($1) OFFSET $2","timestamp":"2025-04-16T09:28:47.781Z"}
{"level":"debug","message":"Duration: 0ms","timestamp":"2025-04-16T09:28:47.781Z"}
{"level":"debug","message":"Query: COMMIT","timestamp":"2025-04-16T09:28:47.781Z"}
{"level":"debug","message":"Duration: 0ms","timestamp":"2025-04-16T09:28:47.782Z"}
{"level":"debug","message":"Query: BEGIN","timestamp":"2025-04-16T09:28:55.628Z"}
{"level":"debug","message":"Duration: 0ms","timestamp":"2025-04-16T09:28:55.628Z"}
{"level":"debug","message":"Query: INSERT INTO \"public\".\"Appointment\" (\"id\",\"userId\",\"serviceId\",\"staffId\",\"date\",\"timeRange\",\"status\",\"createdAt\",\"updatedAt\",\"note\") VALUES ($1,$2,$3,$4,$5,$6,CAST($7::text AS \"public\".\"Status\"),$8,$9,$10) RETURNING \"public\".\"Appointment\".\"id\"","timestamp":"2025-04-16T09:28:55.630Z"}
{"level":"debug","message":"Duration: 1ms","timestamp":"2025-04-16T09:28:55.630Z"}
{"level":"debug","message":"Query: SELECT \"public\".\"Appointment\".\"id\", \"public\".\"Appointment\".\"userId\", \"public\".\"Appointment\".\"serviceId\", \"public\".\"Appointment\".\"staffId\", \"public\".\"Appointment\".\"date\", \"public\".\"Appointment\".\"timeRange\", \"public\".\"Appointment\".\"status\"::text, \"public\".\"Appointment\".\"createdAt\", \"public\".\"Appointment\".\"updatedAt\", \"public\".\"Appointment\".\"note\" FROM \"public\".\"Appointment\" WHERE \"public\".\"Appointment\".\"id\" = $1 LIMIT $2 OFFSET $3","timestamp":"2025-04-16T09:28:55.631Z"}
{"level":"debug","message":"Duration: 0ms","timestamp":"2025-04-16T09:28:55.631Z"}
{"level":"debug","message":"Query: SELECT \"public\".\"Service\".\"id\", \"public\".\"Service\".\"name\", \"public\".\"Service\".\"description\", \"public\".\"Service\".\"price\", \"public\".\"Service\".\"duration\", \"public\".\"Service\".\"category\"::text, \"public\".\"Service\".\"createdAt\", \"public\".\"Service\".\"updatedAt\", \"public\".\"Service\".\"imageUrl\" FROM \"public\".\"Service\" WHERE \"public\".\"Service\".\"id\" IN ($1) OFFSET $2","timestamp":"2025-04-16T09:28:55.631Z"}
{"level":"debug","message":"Duration: 0ms","timestamp":"2025-04-16T09:28:55.631Z"}
{"level":"debug","message":"Query: SELECT \"public\".\"Staff\".\"id\", \"public\".\"Staff\".\"name\", \"public\".\"Staff\".\"email\", \"public\".\"Staff\".\"phone\", \"public\".\"Staff\".\"avatarUrl\", \"public\".\"Staff\".\"createdAt\", \"public\".\"Staff\".\"updatedAt\" FROM \"public\".\"Staff\" WHERE \"public\".\"Staff\".\"id\" IN ($1) OFFSET $2","timestamp":"2025-04-16T09:28:55.632Z"}
{"level":"debug","message":"Duration: 0ms","timestamp":"2025-04-16T09:28:55.632Z"}
{"level":"debug","message":"Query: SELECT \"public\".\"User\".\"id\", \"public\".\"User\".\"email\", \"public\".\"User\".\"password\", \"public\".\"User\".\"name\", \"public\".\"User\".\"phone\", \"public\".\"User\".\"role\"::text, \"public\".\"User\".\"createdAt\", \"public\".\"User\".\"updatedAt\" FROM \"public\".\"User\" WHERE \"public\".\"User\".\"id\" IN ($1) OFFSET $2","timestamp":"2025-04-16T09:28:55.632Z"}
{"level":"debug","message":"Duration: 0ms","timestamp":"2025-04-16T09:28:55.632Z"}
{"level":"debug","message":"Query: COMMIT","timestamp":"2025-04-16T09:28:55.633Z"}
{"level":"debug","message":"Duration: 0ms","timestamp":"2025-04-16T09:28:55.633Z"}
{"level":"debug","message":"Query: BEGIN","timestamp":"2025-04-16T09:28:56.920Z"}
{"level":"debug","message":"Duration: 0ms","timestamp":"2025-04-16T09:28:56.920Z"}
{"level":"debug","message":"Query: INSERT INTO \"public\".\"Appointment\" (\"id\",\"userId\",\"serviceId\",\"staffId\",\"date\",\"timeRange\",\"status\",\"createdAt\",\"updatedAt\",\"note\") VALUES ($1,$2,$3,$4,$5,$6,CAST($7::text AS \"public\".\"Status\"),$8,$9,$10) RETURNING \"public\".\"Appointment\".\"id\"","timestamp":"2025-04-16T09:28:56.921Z"}
{"level":"debug","message":"Duration: 0ms","timestamp":"2025-04-16T09:28:56.921Z"}
{"level":"debug","message":"Query: SELECT \"public\".\"Appointment\".\"id\", \"public\".\"Appointment\".\"userId\", \"public\".\"Appointment\".\"serviceId\", \"public\".\"Appointment\".\"staffId\", \"public\".\"Appointment\".\"date\", \"public\".\"Appointment\".\"timeRange\", \"public\".\"Appointment\".\"status\"::text, \"public\".\"Appointment\".\"createdAt\", \"public\".\"Appointment\".\"updatedAt\", \"public\".\"Appointment\".\"note\" FROM \"public\".\"Appointment\" WHERE \"public\".\"Appointment\".\"id\" = $1 LIMIT $2 OFFSET $3","timestamp":"2025-04-16T09:28:56.921Z"}
{"level":"debug","message":"Duration: 0ms","timestamp":"2025-04-16T09:28:56.921Z"}
{"level":"debug","message":"Query: SELECT \"public\".\"Service\".\"id\", \"public\".\"Service\".\"name\", \"public\".\"Service\".\"description\", \"public\".\"Service\".\"price\", \"public\".\"Service\".\"duration\", \"public\".\"Service\".\"category\"::text, \"public\".\"Service\".\"createdAt\", \"public\".\"Service\".\"updatedAt\", \"public\".\"Service\".\"imageUrl\" FROM \"public\".\"Service\" WHERE \"public\".\"Service\".\"id\" IN ($1) OFFSET $2","timestamp":"2025-04-16T09:28:56.922Z"}
{"level":"debug","message":"Duration: 0ms","timestamp":"2025-04-16T09:28:56.922Z"}
{"level":"debug","message":"Query: SELECT \"public\".\"Staff\".\"id\", \"public\".\"Staff\".\"name\", \"public\".\"Staff\".\"email\", \"public\".\"Staff\".\"phone\", \"public\".\"Staff\".\"avatarUrl\", \"public\".\"Staff\".\"createdAt\", \"public\".\"Staff\".\"updatedAt\" FROM \"public\".\"Staff\" WHERE \"public\".\"Staff\".\"id\" IN ($1) OFFSET $2","timestamp":"2025-04-16T09:28:56.922Z"}
{"level":"debug","message":"Duration: 0ms","timestamp":"2025-04-16T09:28:56.922Z"}
{"level":"debug","message":"Query: SELECT \"public\".\"User\".\"id\", \"public\".\"User\".\"email\", \"public\".\"User\".\"password\", \"public\".\"User\".\"name\", \"public\".\"User\".\"phone\", \"public\".\"User\".\"role\"::text, \"public\".\"User\".\"createdAt\", \"public\".\"User\".\"updatedAt\" FROM \"public\".\"User\" WHERE \"public\".\"User\".\"id\" IN ($1) OFFSET $2","timestamp":"2025-04-16T09:28:56.922Z"}
{"level":"debug","message":"Duration: 0ms","timestamp":"2025-04-16T09:28:56.922Z"}
{"level":"debug","message":"Query: COMMIT","timestamp":"2025-04-16T09:28:56.923Z"}
{"level":"debug","message":"Duration: 0ms","timestamp":"2025-04-16T09:28:56.923Z"}
{"level":"debug","message":"Query: BEGIN","timestamp":"2025-04-16T09:28:58.002Z"}
{"level":"debug","message":"Duration: 0ms","timestamp":"2025-04-16T09:28:58.002Z"}
{"level":"debug","message":"Query: INSERT INTO \"public\".\"Appointment\" (\"id\",\"userId\",\"serviceId\",\"staffId\",\"date\",\"timeRange\",\"status\",\"createdAt\",\"updatedAt\",\"note\") VALUES ($1,$2,$3,$4,$5,$6,CAST($7::text AS \"public\".\"Status\"),$8,$9,$10) RETURNING \"public\".\"Appointment\".\"id\"","timestamp":"2025-04-16T09:28:58.003Z"}
{"level":"debug","message":"Duration: 0ms","timestamp":"2025-04-16T09:28:58.003Z"}
{"level":"debug","message":"Query: SELECT \"public\".\"Appointment\".\"id\", \"public\".\"Appointment\".\"userId\", \"public\".\"Appointment\".\"serviceId\", \"public\".\"Appointment\".\"staffId\", \"public\".\"Appointment\".\"date\", \"public\".\"Appointment\".\"timeRange\", \"public\".\"Appointment\".\"status\"::text, \"public\".\"Appointment\".\"createdAt\", \"public\".\"Appointment\".\"updatedAt\", \"public\".\"Appointment\".\"note\" FROM \"public\".\"Appointment\" WHERE \"public\".\"Appointment\".\"id\" = $1 LIMIT $2 OFFSET $3","timestamp":"2025-04-16T09:28:58.003Z"}
{"level":"debug","message":"Duration: 0ms","timestamp":"2025-04-16T09:28:58.003Z"}
{"level":"debug","message":"Query: SELECT \"public\".\"Service\".\"id\", \"public\".\"Service\".\"name\", \"public\".\"Service\".\"description\", \"public\".\"Service\".\"price\", \"public\".\"Service\".\"duration\", \"public\".\"Service\".\"category\"::text, \"public\".\"Service\".\"createdAt\", \"public\".\"Service\".\"updatedAt\", \"public\".\"Service\".\"imageUrl\" FROM \"public\".\"Service\" WHERE \"public\".\"Service\".\"id\" IN ($1) OFFSET $2","timestamp":"2025-04-16T09:28:58.003Z"}
{"level":"debug","message":"Duration: 0ms","timestamp":"2025-04-16T09:28:58.003Z"}
{"level":"debug","message":"Query: SELECT \"public\".\"Staff\".\"id\", \"public\".\"Staff\".\"name\", \"public\".\"Staff\".\"email\", \"public\".\"Staff\".\"phone\", \"public\".\"Staff\".\"avatarUrl\", \"public\".\"Staff\".\"createdAt\", \"public\".\"Staff\".\"updatedAt\" FROM \"public\".\"Staff\" WHERE \"public\".\"Staff\".\"id\" IN ($1) OFFSET $2","timestamp":"2025-04-16T09:28:58.003Z"}
{"level":"debug","message":"Duration: 0ms","timestamp":"2025-04-16T09:28:58.004Z"}
{"level":"debug","message":"Query: SELECT \"public\".\"User\".\"id\", \"public\".\"User\".\"email\", \"public\".\"User\".\"password\", \"public\".\"User\".\"name\", \"public\".\"User\".\"phone\", \"public\".\"User\".\"role\"::text, \"public\".\"User\".\"createdAt\", \"public\".\"User\".\"updatedAt\" FROM \"public\".\"User\" WHERE \"public\".\"User\".\"id\" IN ($1) OFFSET $2","timestamp":"2025-04-16T09:28:58.004Z"}
{"level":"debug","message":"Duration: 0ms","timestamp":"2025-04-16T09:28:58.004Z"}
{"level":"debug","message":"Query: COMMIT","timestamp":"2025-04-16T09:28:58.005Z"}
{"level":"debug","message":"Duration: 0ms","timestamp":"2025-04-16T09:28:58.005Z"}
{"level":"debug","message":"Query: BEGIN","timestamp":"2025-04-16T09:28:58.698Z"}
{"level":"debug","message":"Duration: 0ms","timestamp":"2025-04-16T09:28:58.698Z"}
{"level":"debug","message":"Query: INSERT INTO \"public\".\"Appointment\" (\"id\",\"userId\",\"serviceId\",\"staffId\",\"date\",\"timeRange\",\"status\",\"createdAt\",\"updatedAt\",\"note\") VALUES ($1,$2,$3,$4,$5,$6,CAST($7::text AS \"public\".\"Status\"),$8,$9,$10) RETURNING \"public\".\"Appointment\".\"id\"","timestamp":"2025-04-16T09:28:58.699Z"}
{"level":"debug","message":"Duration: 0ms","timestamp":"2025-04-16T09:28:58.699Z"}
{"level":"debug","message":"Query: SELECT \"public\".\"Appointment\".\"id\", \"public\".\"Appointment\".\"userId\", \"public\".\"Appointment\".\"serviceId\", \"public\".\"Appointment\".\"staffId\", \"public\".\"Appointment\".\"date\", \"public\".\"Appointment\".\"timeRange\", \"public\".\"Appointment\".\"status\"::text, \"public\".\"Appointment\".\"createdAt\", \"public\".\"Appointment\".\"updatedAt\", \"public\".\"Appointment\".\"note\" FROM \"public\".\"Appointment\" WHERE \"public\".\"Appointment\".\"id\" = $1 LIMIT $2 OFFSET $3","timestamp":"2025-04-16T09:28:58.699Z"}
{"level":"debug","message":"Duration: 0ms","timestamp":"2025-04-16T09:28:58.699Z"}
{"level":"debug","message":"Query: SELECT \"public\".\"Service\".\"id\", \"public\".\"Service\".\"name\", \"public\".\"Service\".\"description\", \"public\".\"Service\".\"price\", \"public\".\"Service\".\"duration\", \"public\".\"Service\".\"category\"::text, \"public\".\"Service\".\"createdAt\", \"public\".\"Service\".\"updatedAt\", \"public\".\"Service\".\"imageUrl\" FROM \"public\".\"Service\" WHERE \"public\".\"Service\".\"id\" IN ($1) OFFSET $2","timestamp":"2025-04-16T09:28:58.700Z"}
{"level":"debug","message":"Duration: 0ms","timestamp":"2025-04-16T09:28:58.700Z"}
{"level":"debug","message":"Query: SELECT \"public\".\"Staff\".\"id\", \"public\".\"Staff\".\"name\", \"public\".\"Staff\".\"email\", \"public\".\"Staff\".\"phone\", \"public\".\"Staff\".\"avatarUrl\", \"public\".\"Staff\".\"createdAt\", \"public\".\"Staff\".\"updatedAt\" FROM \"public\".\"Staff\" WHERE \"public\".\"Staff\".\"id\" IN ($1) OFFSET $2","timestamp":"2025-04-16T09:28:58.700Z"}
{"level":"debug","message":"Duration: 0ms","timestamp":"2025-04-16T09:28:58.700Z"}
{"level":"debug","message":"Query: SELECT \"public\".\"User\".\"id\", \"public\".\"User\".\"email\", \"public\".\"User\".\"password\", \"public\".\"User\".\"name\", \"public\".\"User\".\"phone\", \"public\".\"User\".\"role\"::text, \"public\".\"User\".\"createdAt\", \"public\".\"User\".\"updatedAt\" FROM \"public\".\"User\" WHERE \"public\".\"User\".\"id\" IN ($1) OFFSET $2","timestamp":"2025-04-16T09:28:58.700Z"}
{"level":"debug","message":"Duration: 0ms","timestamp":"2025-04-16T09:28:58.700Z"}
{"level":"debug","message":"Query: COMMIT","timestamp":"2025-04-16T09:28:58.701Z"}
{"level":"debug","message":"Duration: 1ms","timestamp":"2025-04-16T09:28:58.701Z"}
{"level":"debug","message":"Query: SELECT 1","timestamp":"2025-04-16T09:29:59.569Z"}
{"level":"debug","message":"Duration: 0ms","timestamp":"2025-04-16T09:29:59.569Z"}
{"level":"debug","message":"Query: BEGIN","timestamp":"2025-04-16T09:29:59.570Z"}
{"level":"debug","message":"Duration: 0ms","timestamp":"2025-04-16T09:29:59.570Z"}
{"level":"debug","message":"Query: INSERT INTO \"public\".\"Appointment\" (\"id\",\"userId\",\"serviceId\",\"staffId\",\"date\",\"timeRange\",\"status\",\"createdAt\",\"updatedAt\",\"note\") VALUES ($1,$2,$3,$4,$5,$6,CAST($7::text AS \"public\".\"Status\"),$8,$9,$10) RETURNING \"public\".\"Appointment\".\"id\"","timestamp":"2025-04-16T09:29:59.571Z"}
{"level":"debug","message":"Duration: 0ms","timestamp":"2025-04-16T09:29:59.571Z"}
{"level":"debug","message":"Query: SELECT \"public\".\"Appointment\".\"id\", \"public\".\"Appointment\".\"userId\", \"public\".\"Appointment\".\"serviceId\", \"public\".\"Appointment\".\"staffId\", \"public\".\"Appointment\".\"date\", \"public\".\"Appointment\".\"timeRange\", \"public\".\"Appointment\".\"status\"::text, \"public\".\"Appointment\".\"createdAt\", \"public\".\"Appointment\".\"updatedAt\", \"public\".\"Appointment\".\"note\" FROM \"public\".\"Appointment\" WHERE \"public\".\"Appointment\".\"id\" = $1 LIMIT $2 OFFSET $3","timestamp":"2025-04-16T09:29:59.571Z"}
{"level":"debug","message":"Duration: 0ms","timestamp":"2025-04-16T09:29:59.571Z"}
{"level":"debug","message":"Query: SELECT \"public\".\"Service\".\"id\", \"public\".\"Service\".\"name\", \"public\".\"Service\".\"description\", \"public\".\"Service\".\"price\", \"public\".\"Service\".\"duration\", \"public\".\"Service\".\"category\"::text, \"public\".\"Service\".\"createdAt\", \"public\".\"Service\".\"updatedAt\", \"public\".\"Service\".\"imageUrl\" FROM \"public\".\"Service\" WHERE \"public\".\"Service\".\"id\" IN ($1) OFFSET $2","timestamp":"2025-04-16T09:29:59.571Z"}
{"level":"debug","message":"Duration: 0ms","timestamp":"2025-04-16T09:29:59.571Z"}
{"level":"debug","message":"Query: SELECT \"public\".\"Staff\".\"id\", \"public\".\"Staff\".\"name\", \"public\".\"Staff\".\"email\", \"public\".\"Staff\".\"phone\", \"public\".\"Staff\".\"avatarUrl\", \"public\".\"Staff\".\"createdAt\", \"public\".\"Staff\".\"updatedAt\" FROM \"public\".\"Staff\" WHERE \"public\".\"Staff\".\"id\" IN ($1) OFFSET $2","timestamp":"2025-04-16T09:29:59.571Z"}
{"level":"debug","message":"Duration: 0ms","timestamp":"2025-04-16T09:29:59.572Z"}
{"level":"debug","message":"Query: SELECT \"public\".\"User\".\"id\", \"public\".\"User\".\"email\", \"public\".\"User\".\"password\", \"public\".\"User\".\"name\", \"public\".\"User\".\"phone\", \"public\".\"User\".\"role\"::text, \"public\".\"User\".\"createdAt\", \"public\".\"User\".\"updatedAt\" FROM \"public\".\"User\" WHERE \"public\".\"User\".\"id\" IN ($1) OFFSET $2","timestamp":"2025-04-16T09:29:59.572Z"}
{"level":"debug","message":"Duration: 0ms","timestamp":"2025-04-16T09:29:59.572Z"}
{"level":"debug","message":"Query: COMMIT","timestamp":"2025-04-16T09:29:59.573Z"}
{"level":"debug","message":"Duration: 1ms","timestamp":"2025-04-16T09:29:59.573Z"}
{"level":"debug","message":"Query: SELECT 1","timestamp":"2025-04-16T09:31:45.524Z"}
{"level":"debug","message":"Duration: 0ms","timestamp":"2025-04-16T09:31:45.525Z"}
{"level":"debug","message":"Query: BEGIN","timestamp":"2025-04-16T09:31:45.525Z"}
{"level":"debug","message":"Duration: 0ms","timestamp":"2025-04-16T09:31:45.525Z"}
{"level":"debug","message":"Query: INSERT INTO \"public\".\"Appointment\" (\"id\",\"userId\",\"serviceId\",\"staffId\",\"date\",\"timeRange\",\"status\",\"createdAt\",\"updatedAt\",\"note\") VALUES ($1,$2,$3,$4,$5,$6,CAST($7::text AS \"public\".\"Status\"),$8,$9,$10) RETURNING \"public\".\"Appointment\".\"id\"","timestamp":"2025-04-16T09:31:45.526Z"}
{"level":"debug","message":"Duration: 0ms","timestamp":"2025-04-16T09:31:45.526Z"}
{"level":"debug","message":"Query: SELECT \"public\".\"Appointment\".\"id\", \"public\".\"Appointment\".\"userId\", \"public\".\"Appointment\".\"serviceId\", \"public\".\"Appointment\".\"staffId\", \"public\".\"Appointment\".\"date\", \"public\".\"Appointment\".\"timeRange\", \"public\".\"Appointment\".\"status\"::text, \"public\".\"Appointment\".\"createdAt\", \"public\".\"Appointment\".\"updatedAt\", \"public\".\"Appointment\".\"note\" FROM \"public\".\"Appointment\" WHERE \"public\".\"Appointment\".\"id\" = $1 LIMIT $2 OFFSET $3","timestamp":"2025-04-16T09:31:45.526Z"}
{"level":"debug","message":"Duration: 0ms","timestamp":"2025-04-16T09:31:45.526Z"}
{"level":"debug","message":"Query: SELECT \"public\".\"Service\".\"id\", \"public\".\"Service\".\"name\", \"public\".\"Service\".\"description\", \"public\".\"Service\".\"price\", \"public\".\"Service\".\"duration\", \"public\".\"Service\".\"category\"::text, \"public\".\"Service\".\"createdAt\", \"public\".\"Service\".\"updatedAt\", \"public\".\"Service\".\"imageUrl\" FROM \"public\".\"Service\" WHERE \"public\".\"Service\".\"id\" IN ($1) OFFSET $2","timestamp":"2025-04-16T09:31:45.527Z"}
{"level":"debug","message":"Duration: 0ms","timestamp":"2025-04-16T09:31:45.527Z"}
{"level":"debug","message":"Query: SELECT \"public\".\"Staff\".\"id\", \"public\".\"Staff\".\"name\", \"public\".\"Staff\".\"email\", \"public\".\"Staff\".\"phone\", \"public\".\"Staff\".\"avatarUrl\", \"public\".\"Staff\".\"createdAt\", \"public\".\"Staff\".\"updatedAt\" FROM \"public\".\"Staff\" WHERE \"public\".\"Staff\".\"id\" IN ($1) OFFSET $2","timestamp":"2025-04-16T09:31:45.527Z"}
{"level":"debug","message":"Duration: 0ms","timestamp":"2025-04-16T09:31:45.527Z"}
{"level":"debug","message":"Query: SELECT \"public\".\"User\".\"id\", \"public\".\"User\".\"email\", \"public\".\"User\".\"password\", \"public\".\"User\".\"name\", \"public\".\"User\".\"phone\", \"public\".\"User\".\"role\"::text, \"public\".\"User\".\"createdAt\", \"public\".\"User\".\"updatedAt\" FROM \"public\".\"User\" WHERE \"public\".\"User\".\"id\" IN ($1) OFFSET $2","timestamp":"2025-04-16T09:31:45.528Z"}
{"level":"debug","message":"Duration: 0ms","timestamp":"2025-04-16T09:31:45.528Z"}
{"level":"debug","message":"Query: COMMIT","timestamp":"2025-04-16T09:31:45.528Z"}
{"level":"debug","message":"Duration: 1ms","timestamp":"2025-04-16T09:31:45.529Z"}
{"level":"debug","message":"Query: SELECT 1","timestamp":"2025-04-16T09:32:12.330Z"}
{"level":"debug","message":"Duration: 0ms","timestamp":"2025-04-16T09:32:12.330Z"}
{"level":"debug","message":"Query: BEGIN","timestamp":"2025-04-16T09:32:12.330Z"}
{"level":"debug","message":"Duration: 0ms","timestamp":"2025-04-16T09:32:12.331Z"}
{"level":"debug","message":"Query: INSERT INTO \"public\".\"Appointment\" (\"id\",\"userId\",\"serviceId\",\"staffId\",\"date\",\"timeRange\",\"status\",\"createdAt\",\"updatedAt\",\"note\") VALUES ($1,$2,$3,$4,$5,$6,CAST($7::text AS \"public\".\"Status\"),$8,$9,$10) RETURNING \"public\".\"Appointment\".\"id\"","timestamp":"2025-04-16T09:32:12.332Z"}
{"level":"debug","message":"Duration: 0ms","timestamp":"2025-04-16T09:32:12.332Z"}
{"level":"debug","message":"Query: SELECT \"public\".\"Appointment\".\"id\", \"public\".\"Appointment\".\"userId\", \"public\".\"Appointment\".\"serviceId\", \"public\".\"Appointment\".\"staffId\", \"public\".\"Appointment\".\"date\", \"public\".\"Appointment\".\"timeRange\", \"public\".\"Appointment\".\"status\"::text, \"public\".\"Appointment\".\"createdAt\", \"public\".\"Appointment\".\"updatedAt\", \"public\".\"Appointment\".\"note\" FROM \"public\".\"Appointment\" WHERE \"public\".\"Appointment\".\"id\" = $1 LIMIT $2 OFFSET $3","timestamp":"2025-04-16T09:32:12.332Z"}
{"level":"debug","message":"Duration: 0ms","timestamp":"2025-04-16T09:32:12.333Z"}
{"level":"debug","message":"Query: SELECT \"public\".\"Service\".\"id\", \"public\".\"Service\".\"name\", \"public\".\"Service\".\"description\", \"public\".\"Service\".\"price\", \"public\".\"Service\".\"duration\", \"public\".\"Service\".\"category\"::text, \"public\".\"Service\".\"createdAt\", \"public\".\"Service\".\"updatedAt\", \"public\".\"Service\".\"imageUrl\" FROM \"public\".\"Service\" WHERE \"public\".\"Service\".\"id\" IN ($1) OFFSET $2","timestamp":"2025-04-16T09:32:12.333Z"}
{"level":"debug","message":"Duration: 0ms","timestamp":"2025-04-16T09:32:12.333Z"}
{"level":"debug","message":"Query: SELECT \"public\".\"Staff\".\"id\", \"public\".\"Staff\".\"name\", \"public\".\"Staff\".\"email\", \"public\".\"Staff\".\"phone\", \"public\".\"Staff\".\"avatarUrl\", \"public\".\"Staff\".\"createdAt\", \"public\".\"Staff\".\"updatedAt\" FROM \"public\".\"Staff\" WHERE \"public\".\"Staff\".\"id\" IN ($1) OFFSET $2","timestamp":"2025-04-16T09:32:12.333Z"}
{"level":"debug","message":"Duration: 0ms","timestamp":"2025-04-16T09:32:12.333Z"}
{"level":"debug","message":"Query: SELECT \"public\".\"User\".\"id\", \"public\".\"User\".\"email\", \"public\".\"User\".\"password\", \"public\".\"User\".\"name\", \"public\".\"User\".\"phone\", \"public\".\"User\".\"role\"::text, \"public\".\"User\".\"createdAt\", \"public\".\"User\".\"updatedAt\" FROM \"public\".\"User\" WHERE \"public\".\"User\".\"id\" IN ($1) OFFSET $2","timestamp":"2025-04-16T09:32:12.333Z"}
{"level":"debug","message":"Duration: 0ms","timestamp":"2025-04-16T09:32:12.333Z"}
{"level":"debug","message":"Query: COMMIT","timestamp":"2025-04-16T09:32:12.334Z"}
{"level":"debug","message":"Duration: 0ms","timestamp":"2025-04-16T09:32:12.334Z"}
{"level":"debug","message":"Query: UPDATE \"public\".\"Appointment\" SET \"timeRange\" = $1, \"note\" = $2, \"updatedAt\" = $3 WHERE (\"public\".\"Appointment\".\"id\" = $4 AND 1=1) RETURNING \"public\".\"Appointment\".\"id\", \"public\".\"Appointment\".\"userId\", \"public\".\"Appointment\".\"serviceId\", \"public\".\"Appointment\".\"staffId\", \"public\".\"Appointment\".\"date\", \"public\".\"Appointment\".\"timeRange\", \"public\".\"Appointment\".\"status\"::text, \"public\".\"Appointment\".\"createdAt\", \"public\".\"Appointment\".\"updatedAt\", \"public\".\"Appointment\".\"note\"","timestamp":"2025-04-16T09:32:13.765Z"}
{"level":"debug","message":"Duration: 0ms","timestamp":"2025-04-16T09:32:13.765Z"}
{"level":"debug","message":"Query: UPDATE \"public\".\"Appointment\" SET \"timeRange\" = $1, \"note\" = $2, \"updatedAt\" = $3 WHERE (\"public\".\"Appointment\".\"id\" = $4 AND 1=1) RETURNING \"public\".\"Appointment\".\"id\", \"public\".\"Appointment\".\"userId\", \"public\".\"Appointment\".\"serviceId\", \"public\".\"Appointment\".\"staffId\", \"public\".\"Appointment\".\"date\", \"public\".\"Appointment\".\"timeRange\", \"public\".\"Appointment\".\"status\"::text, \"public\".\"Appointment\".\"createdAt\", \"public\".\"Appointment\".\"updatedAt\", \"public\".\"Appointment\".\"note\"","timestamp":"2025-04-16T09:32:14.811Z"}
{"level":"debug","message":"Duration: 1ms","timestamp":"2025-04-16T09:32:14.811Z"}
{"level":"debug","message":"Query: UPDATE \"public\".\"Appointment\" SET \"timeRange\" = $1, \"note\" = $2, \"updatedAt\" = $3 WHERE (\"public\".\"Appointment\".\"id\" = $4 AND 1=1) RETURNING \"public\".\"Appointment\".\"id\", \"public\".\"Appointment\".\"userId\", \"public\".\"Appointment\".\"serviceId\", \"public\".\"Appointment\".\"staffId\", \"public\".\"Appointment\".\"date\", \"public\".\"Appointment\".\"timeRange\", \"public\".\"Appointment\".\"status\"::text, \"public\".\"Appointment\".\"createdAt\", \"public\".\"Appointment\".\"updatedAt\", \"public\".\"Appointment\".\"note\"","timestamp":"2025-04-16T09:32:15.700Z"}
{"level":"debug","message":"Duration: 1ms","timestamp":"2025-04-16T09:32:15.700Z"}
{"level":"debug","message":"Query: UPDATE \"public\".\"Appointment\" SET \"timeRange\" = $1, \"note\" = $2, \"updatedAt\" = $3 WHERE (\"public\".\"Appointment\".\"id\" = $4 AND 1=1) RETURNING \"public\".\"Appointment\".\"id\", \"public\".\"Appointment\".\"userId\", \"public\".\"Appointment\".\"serviceId\", \"public\".\"Appointment\".\"staffId\", \"public\".\"Appointment\".\"date\", \"public\".\"Appointment\".\"timeRange\", \"public\".\"Appointment\".\"status\"::text, \"public\".\"Appointment\".\"createdAt\", \"public\".\"Appointment\".\"updatedAt\", \"public\".\"Appointment\".\"note\"","timestamp":"2025-04-16T09:32:16.333Z"}
{"level":"debug","message":"Duration: 1ms","timestamp":"2025-04-16T09:32:16.333Z"}
{"level":"debug","message":"Query: BEGIN","timestamp":"2025-04-16T09:32:19.817Z"}
{"level":"debug","message":"Duration: 0ms","timestamp":"2025-04-16T09:32:19.817Z"}
{"level":"debug","message":"Query: INSERT INTO \"public\".\"Appointment\" (\"id\",\"userId\",\"serviceId\",\"staffId\",\"date\",\"timeRange\",\"status\",\"createdAt\",\"updatedAt\",\"note\") VALUES ($1,$2,$3,$4,$5,$6,CAST($7::text AS \"public\".\"Status\"),$8,$9,$10) RETURNING \"public\".\"Appointment\".\"id\"","timestamp":"2025-04-16T09:32:19.817Z"}
{"level":"debug","message":"Duration: 0ms","timestamp":"2025-04-16T09:32:19.817Z"}
{"level":"debug","message":"Query: SELECT \"public\".\"Appointment\".\"id\", \"public\".\"Appointment\".\"userId\", \"public\".\"Appointment\".\"serviceId\", \"public\".\"Appointment\".\"staffId\", \"public\".\"Appointment\".\"date\", \"public\".\"Appointment\".\"timeRange\", \"public\".\"Appointment\".\"status\"::text, \"public\".\"Appointment\".\"createdAt\", \"public\".\"Appointment\".\"updatedAt\", \"public\".\"Appointment\".\"note\" FROM \"public\".\"Appointment\" WHERE \"public\".\"Appointment\".\"id\" = $1 LIMIT $2 OFFSET $3","timestamp":"2025-04-16T09:32:19.818Z"}
{"level":"debug","message":"Duration: 0ms","timestamp":"2025-04-16T09:32:19.818Z"}
{"level":"debug","message":"Query: SELECT \"public\".\"Service\".\"id\", \"public\".\"Service\".\"name\", \"public\".\"Service\".\"description\", \"public\".\"Service\".\"price\", \"public\".\"Service\".\"duration\", \"public\".\"Service\".\"category\"::text, \"public\".\"Service\".\"createdAt\", \"public\".\"Service\".\"updatedAt\", \"public\".\"Service\".\"imageUrl\" FROM \"public\".\"Service\" WHERE \"public\".\"Service\".\"id\" IN ($1) OFFSET $2","timestamp":"2025-04-16T09:32:19.818Z"}
{"level":"debug","message":"Duration: 0ms","timestamp":"2025-04-16T09:32:19.818Z"}
{"level":"debug","message":"Query: SELECT \"public\".\"Staff\".\"id\", \"public\".\"Staff\".\"name\", \"public\".\"Staff\".\"email\", \"public\".\"Staff\".\"phone\", \"public\".\"Staff\".\"avatarUrl\", \"public\".\"Staff\".\"createdAt\", \"public\".\"Staff\".\"updatedAt\" FROM \"public\".\"Staff\" WHERE \"public\".\"Staff\".\"id\" IN ($1) OFFSET $2","timestamp":"2025-04-16T09:32:19.818Z"}
{"level":"debug","message":"Duration: 0ms","timestamp":"2025-04-16T09:32:19.818Z"}
{"level":"debug","message":"Query: SELECT \"public\".\"User\".\"id\", \"public\".\"User\".\"email\", \"public\".\"User\".\"password\", \"public\".\"User\".\"name\", \"public\".\"User\".\"phone\", \"public\".\"User\".\"role\"::text, \"public\".\"User\".\"createdAt\", \"public\".\"User\".\"updatedAt\" FROM \"public\".\"User\" WHERE \"public\".\"User\".\"id\" IN ($1) OFFSET $2","timestamp":"2025-04-16T09:32:19.818Z"}
{"level":"debug","message":"Duration: 0ms","timestamp":"2025-04-16T09:32:19.818Z"}
{"level":"debug","message":"Query: COMMIT","timestamp":"2025-04-16T09:32:19.819Z"}
{"level":"debug","message":"Duration: 0ms","timestamp":"2025-04-16T09:32:19.819Z"}
{"level":"debug","message":"Query: UPDATE \"public\".\"Appointment\" SET \"timeRange\" = $1, \"note\" = $2, \"updatedAt\" = $3 WHERE (\"public\".\"Appointment\".\"id\" = $4 AND 1=1) RETURNING \"public\".\"Appointment\".\"id\", \"public\".\"Appointment\".\"userId\", \"public\".\"Appointment\".\"serviceId\", \"public\".\"Appointment\".\"staffId\", \"public\".\"Appointment\".\"date\", \"public\".\"Appointment\".\"timeRange\", \"public\".\"Appointment\".\"status\"::text, \"public\".\"Appointment\".\"createdAt\", \"public\".\"Appointment\".\"updatedAt\", \"public\".\"Appointment\".\"note\"","timestamp":"2025-04-16T09:32:21.077Z"}
{"level":"debug","message":"Duration: 1ms","timestamp":"2025-04-16T09:32:21.077Z"}
{"level":"debug","message":"Query: SELECT 1","timestamp":"2025-04-16T09:32:31.620Z"}
{"level":"debug","message":"Duration: 0ms","timestamp":"2025-04-16T09:32:31.620Z"}
{"level":"debug","message":"Query: BEGIN","timestamp":"2025-04-16T09:32:31.620Z"}
{"level":"debug","message":"Duration: 0ms","timestamp":"2025-04-16T09:32:31.621Z"}
{"level":"debug","message":"Query: INSERT INTO \"public\".\"Appointment\" (\"id\",\"userId\",\"serviceId\",\"staffId\",\"date\",\"timeRange\",\"status\",\"createdAt\",\"updatedAt\",\"note\") VALUES ($1,$2,$3,$4,$5,$6,CAST($7::text AS \"public\".\"Status\"),$8,$9,$10) RETURNING \"public\".\"Appointment\".\"id\"","timestamp":"2025-04-16T09:32:31.621Z"}
{"level":"debug","message":"Duration: 0ms","timestamp":"2025-04-16T09:32:31.621Z"}
{"level":"debug","message":"Query: SELECT \"public\".\"Appointment\".\"id\", \"public\".\"Appointment\".\"userId\", \"public\".\"Appointment\".\"serviceId\", \"public\".\"Appointment\".\"staffId\", \"public\".\"Appointment\".\"date\", \"public\".\"Appointment\".\"timeRange\", \"public\".\"Appointment\".\"status\"::text, \"public\".\"Appointment\".\"createdAt\", \"public\".\"Appointment\".\"updatedAt\", \"public\".\"Appointment\".\"note\" FROM \"public\".\"Appointment\" WHERE \"public\".\"Appointment\".\"id\" = $1 LIMIT $2 OFFSET $3","timestamp":"2025-04-16T09:32:31.621Z"}
{"level":"debug","message":"Duration: 0ms","timestamp":"2025-04-16T09:32:31.621Z"}
{"level":"debug","message":"Query: SELECT \"public\".\"Service\".\"id\", \"public\".\"Service\".\"name\", \"public\".\"Service\".\"description\", \"public\".\"Service\".\"price\", \"public\".\"Service\".\"duration\", \"public\".\"Service\".\"category\"::text, \"public\".\"Service\".\"createdAt\", \"public\".\"Service\".\"updatedAt\", \"public\".\"Service\".\"imageUrl\" FROM \"public\".\"Service\" WHERE \"public\".\"Service\".\"id\" IN ($1) OFFSET $2","timestamp":"2025-04-16T09:32:31.622Z"}
{"level":"debug","message":"Duration: 0ms","timestamp":"2025-04-16T09:32:31.622Z"}
{"level":"debug","message":"Query: SELECT \"public\".\"Staff\".\"id\", \"public\".\"Staff\".\"name\", \"public\".\"Staff\".\"email\", \"public\".\"Staff\".\"phone\", \"public\".\"Staff\".\"avatarUrl\", \"public\".\"Staff\".\"createdAt\", \"public\".\"Staff\".\"updatedAt\" FROM \"public\".\"Staff\" WHERE \"public\".\"Staff\".\"id\" IN ($1) OFFSET $2","timestamp":"2025-04-16T09:32:31.622Z"}
{"level":"debug","message":"Duration: 0ms","timestamp":"2025-04-16T09:32:31.622Z"}
{"level":"debug","message":"Query: SELECT \"public\".\"User\".\"id\", \"public\".\"User\".\"email\", \"public\".\"User\".\"password\", \"public\".\"User\".\"name\", \"public\".\"User\".\"phone\", \"public\".\"User\".\"role\"::text, \"public\".\"User\".\"createdAt\", \"public\".\"User\".\"updatedAt\" FROM \"public\".\"User\" WHERE \"public\".\"User\".\"id\" IN ($1) OFFSET $2","timestamp":"2025-04-16T09:32:31.622Z"}
{"level":"debug","message":"Duration: 0ms","timestamp":"2025-04-16T09:32:31.622Z"}
{"level":"debug","message":"Query: COMMIT","timestamp":"2025-04-16T09:32:31.623Z"}
{"level":"debug","message":"Duration: 0ms","timestamp":"2025-04-16T09:32:31.623Z"}
{"level":"debug","message":"Query: UPDATE \"public\".\"Appointment\" SET \"timeRange\" = $1, \"note\" = $2, \"updatedAt\" = $3 WHERE (\"public\".\"Appointment\".\"id\" = $4 AND 1=1) RETURNING \"public\".\"Appointment\".\"id\", \"public\".\"Appointment\".\"userId\", \"public\".\"Appointment\".\"serviceId\", \"public\".\"Appointment\".\"staffId\", \"public\".\"Appointment\".\"date\", \"public\".\"Appointment\".\"timeRange\", \"public\".\"Appointment\".\"status\"::text, \"public\".\"Appointment\".\"createdAt\", \"public\".\"Appointment\".\"updatedAt\", \"public\".\"Appointment\".\"note\"","timestamp":"2025-04-16T09:39:57.547Z"}
{"level":"debug","message":"Duration: 3ms","timestamp":"2025-04-16T09:39:57.548Z"}
{"level":"debug","message":"Query: UPDATE \"public\".\"Appointment\" SET \"timeRange\" = $1, \"note\" = $2, \"updatedAt\" = $3 WHERE (\"public\".\"Appointment\".\"id\" = $4 AND 1=1) RETURNING \"public\".\"Appointment\".\"id\", \"public\".\"Appointment\".\"userId\", \"public\".\"Appointment\".\"serviceId\", \"public\".\"Appointment\".\"staffId\", \"public\".\"Appointment\".\"date\", \"public\".\"Appointment\".\"timeRange\", \"public\".\"Appointment\".\"status\"::text, \"public\".\"Appointment\".\"createdAt\", \"public\".\"Appointment\".\"updatedAt\", \"public\".\"Appointment\".\"note\"","timestamp":"2025-04-16T09:40:00.762Z"}
{"level":"debug","message":"Duration: 1ms","timestamp":"2025-04-16T09:40:00.762Z"}
{"level":"debug","message":"Query: UPDATE \"public\".\"Appointment\" SET \"timeRange\" = $1, \"note\" = $2, \"updatedAt\" = $3 WHERE (\"public\".\"Appointment\".\"id\" = $4 AND 1=1) RETURNING \"public\".\"Appointment\".\"id\", \"public\".\"Appointment\".\"userId\", \"public\".\"Appointment\".\"serviceId\", \"public\".\"Appointment\".\"staffId\", \"public\".\"Appointment\".\"date\", \"public\".\"Appointment\".\"timeRange\", \"public\".\"Appointment\".\"status\"::text, \"public\".\"Appointment\".\"createdAt\", \"public\".\"Appointment\".\"updatedAt\", \"public\".\"Appointment\".\"note\"","timestamp":"2025-04-16T09:40:04.129Z"}
{"level":"debug","message":"Duration: 0ms","timestamp":"2025-04-16T09:40:04.129Z"}
{"level":"debug","message":"Query: SELECT 1","timestamp":"2025-04-16T09:40:28.438Z"}
{"level":"debug","message":"Duration: 1ms","timestamp":"2025-04-16T09:40:28.438Z"}
{"level":"debug","message":"Query: BEGIN","timestamp":"2025-04-16T09:40:28.438Z"}
{"level":"debug","message":"Duration: 0ms","timestamp":"2025-04-16T09:40:28.438Z"}
{"level":"debug","message":"Query: INSERT INTO \"public\".\"Appointment\" (\"id\",\"userId\",\"serviceId\",\"staffId\",\"date\",\"timeRange\",\"status\",\"createdAt\",\"updatedAt\",\"note\") VALUES ($1,$2,$3,$4,$5,$6,CAST($7::text AS \"public\".\"Status\"),$8,$9,$10) RETURNING \"public\".\"Appointment\".\"id\"","timestamp":"2025-04-16T09:40:28.441Z"}
{"level":"debug","message":"Duration: 3ms","timestamp":"2025-04-16T09:40:28.442Z"}
{"level":"debug","message":"Query: SELECT \"public\".\"Appointment\".\"id\", \"public\".\"Appointment\".\"userId\", \"public\".\"Appointment\".\"serviceId\", \"public\".\"Appointment\".\"staffId\", \"public\".\"Appointment\".\"date\", \"public\".\"Appointment\".\"timeRange\", \"public\".\"Appointment\".\"status\"::text, \"public\".\"Appointment\".\"createdAt\", \"public\".\"Appointment\".\"updatedAt\", \"public\".\"Appointment\".\"note\" FROM \"public\".\"Appointment\" WHERE \"public\".\"Appointment\".\"id\" = $1 LIMIT $2 OFFSET $3","timestamp":"2025-04-16T09:40:28.442Z"}
{"level":"debug","message":"Duration: 0ms","timestamp":"2025-04-16T09:40:28.442Z"}
{"level":"debug","message":"Query: SELECT \"public\".\"Service\".\"id\", \"public\".\"Service\".\"name\", \"public\".\"Service\".\"description\", \"public\".\"Service\".\"price\", \"public\".\"Service\".\"duration\", \"public\".\"Service\".\"category\"::text, \"public\".\"Service\".\"createdAt\", \"public\".\"Service\".\"updatedAt\", \"public\".\"Service\".\"imageUrl\" FROM \"public\".\"Service\" WHERE \"public\".\"Service\".\"id\" IN ($1) OFFSET $2","timestamp":"2025-04-16T09:40:28.443Z"}
{"level":"debug","message":"Duration: 0ms","timestamp":"2025-04-16T09:40:28.443Z"}
{"level":"debug","message":"Query: SELECT \"public\".\"Staff\".\"id\", \"public\".\"Staff\".\"name\", \"public\".\"Staff\".\"email\", \"public\".\"Staff\".\"phone\", \"public\".\"Staff\".\"avatarUrl\", \"public\".\"Staff\".\"createdAt\", \"public\".\"Staff\".\"updatedAt\" FROM \"public\".\"Staff\" WHERE \"public\".\"Staff\".\"id\" IN ($1) OFFSET $2","timestamp":"2025-04-16T09:40:28.443Z"}
{"level":"debug","message":"Duration: 0ms","timestamp":"2025-04-16T09:40:28.443Z"}
{"level":"debug","message":"Query: SELECT \"public\".\"User\".\"id\", \"public\".\"User\".\"email\", \"public\".\"User\".\"password\", \"public\".\"User\".\"name\", \"public\".\"User\".\"phone\", \"public\".\"User\".\"role\"::text, \"public\".\"User\".\"createdAt\", \"public\".\"User\".\"updatedAt\" FROM \"public\".\"User\" WHERE \"public\".\"User\".\"id\" IN ($1) OFFSET $2","timestamp":"2025-04-16T09:40:28.444Z"}
{"level":"debug","message":"Duration: 0ms","timestamp":"2025-04-16T09:40:28.444Z"}
{"level":"debug","message":"Query: COMMIT","timestamp":"2025-04-16T09:40:28.445Z"}
{"level":"debug","message":"Duration: 0ms","timestamp":"2025-04-16T09:40:28.445Z"}
{"level":"debug","message":"Query: UPDATE \"public\".\"Appointment\" SET \"timeRange\" = $1, \"note\" = $2, \"updatedAt\" = $3 WHERE (\"public\".\"Appointment\".\"id\" = $4 AND 1=1) RETURNING \"public\".\"Appointment\".\"id\", \"public\".\"Appointment\".\"userId\", \"public\".\"Appointment\".\"serviceId\", \"public\".\"Appointment\".\"staffId\", \"public\".\"Appointment\".\"date\", \"public\".\"Appointment\".\"timeRange\", \"public\".\"Appointment\".\"status\"::text, \"public\".\"Appointment\".\"createdAt\", \"public\".\"Appointment\".\"updatedAt\", \"public\".\"Appointment\".\"note\"","timestamp":"2025-04-16T09:40:30.064Z"}
{"level":"debug","message":"Duration: 1ms","timestamp":"2025-04-16T09:40:30.064Z"}
{"level":"debug","message":"Query: UPDATE \"public\".\"Appointment\" SET \"timeRange\" = $1, \"note\" = $2, \"updatedAt\" = $3 WHERE (\"public\".\"Appointment\".\"id\" = $4 AND 1=1) RETURNING \"public\".\"Appointment\".\"id\", \"public\".\"Appointment\".\"userId\", \"public\".\"Appointment\".\"serviceId\", \"public\".\"Appointment\".\"staffId\", \"public\".\"Appointment\".\"date\", \"public\".\"Appointment\".\"timeRange\", \"public\".\"Appointment\".\"status\"::text, \"public\".\"Appointment\".\"createdAt\", \"public\".\"Appointment\".\"updatedAt\", \"public\".\"Appointment\".\"note\"","timestamp":"2025-04-16T09:40:31.080Z"}
{"level":"debug","message":"Duration: 1ms","timestamp":"2025-04-16T09:40:31.080Z"}
{"level":"debug","message":"Query: UPDATE \"public\".\"Appointment\" SET \"timeRange\" = $1, \"note\" = $2, \"updatedAt\" = $3 WHERE (\"public\".\"Appointment\".\"id\" = $4 AND 1=1) RETURNING \"public\".\"Appointment\".\"id\", \"public\".\"Appointment\".\"userId\", \"public\".\"Appointment\".\"serviceId\", \"public\".\"Appointment\".\"staffId\", \"public\".\"Appointment\".\"date\", \"public\".\"Appointment\".\"timeRange\", \"public\".\"Appointment\".\"status\"::text, \"public\".\"Appointment\".\"createdAt\", \"public\".\"Appointment\".\"updatedAt\", \"public\".\"Appointment\".\"note\"","timestamp":"2025-04-16T09:40:33.245Z"}
{"level":"debug","message":"Duration: 0ms","timestamp":"2025-04-16T09:40:33.246Z"}
{"level":"debug","message":"Query: UPDATE \"public\".\"Appointment\" SET \"timeRange\" = $1, \"note\" = $2, \"updatedAt\" = $3 WHERE (\"public\".\"Appointment\".\"id\" = $4 AND 1=1) RETURNING \"public\".\"Appointment\".\"id\", \"public\".\"Appointment\".\"userId\", \"public\".\"Appointment\".\"serviceId\", \"public\".\"Appointment\".\"staffId\", \"public\".\"Appointment\".\"date\", \"public\".\"Appointment\".\"timeRange\", \"public\".\"Appointment\".\"status\"::text, \"public\".\"Appointment\".\"createdAt\", \"public\".\"Appointment\".\"updatedAt\", \"public\".\"Appointment\".\"note\"","timestamp":"2025-04-16T09:40:34.513Z"}
{"level":"debug","message":"Duration: 1ms","timestamp":"2025-04-16T09:40:34.513Z"}
{"level":"debug","message":"Query: UPDATE \"public\".\"Appointment\" SET \"timeRange\" = $1, \"note\" = $2, \"updatedAt\" = $3 WHERE (\"public\".\"Appointment\".\"id\" = $4 AND 1=1) RETURNING \"public\".\"Appointment\".\"id\", \"public\".\"Appointment\".\"userId\", \"public\".\"Appointment\".\"serviceId\", \"public\".\"Appointment\".\"staffId\", \"public\".\"Appointment\".\"date\", \"public\".\"Appointment\".\"timeRange\", \"public\".\"Appointment\".\"status\"::text, \"public\".\"Appointment\".\"createdAt\", \"public\".\"Appointment\".\"updatedAt\", \"public\".\"Appointment\".\"note\"","timestamp":"2025-04-16T09:40:36.894Z"}
{"level":"debug","message":"Duration: 0ms","timestamp":"2025-04-16T09:40:36.894Z"}
{"level":"debug","message":"Query: UPDATE \"public\".\"Appointment\" SET \"timeRange\" = $1, \"note\" = $2, \"updatedAt\" = $3 WHERE (\"public\".\"Appointment\".\"id\" = $4 AND 1=1) RETURNING \"public\".\"Appointment\".\"id\", \"public\".\"Appointment\".\"userId\", \"public\".\"Appointment\".\"serviceId\", \"public\".\"Appointment\".\"staffId\", \"public\".\"Appointment\".\"date\", \"public\".\"Appointment\".\"timeRange\", \"public\".\"Appointment\".\"status\"::text, \"public\".\"Appointment\".\"createdAt\", \"public\".\"Appointment\".\"updatedAt\", \"public\".\"Appointment\".\"note\"","timestamp":"2025-04-16T09:40:38.879Z"}
{"level":"debug","message":"Duration: 1ms","timestamp":"2025-04-16T09:40:38.879Z"}
{"level":"debug","message":"Query: SELECT \"public\".\"Appointment\".\"id\", \"public\".\"Appointment\".\"userId\", \"public\".\"Appointment\".\"serviceId\", \"public\".\"Appointment\".\"staffId\", \"public\".\"Appointment\".\"date\", \"public\".\"Appointment\".\"timeRange\", \"public\".\"Appointment\".\"status\"::text, \"public\".\"Appointment\".\"createdAt\", \"public\".\"Appointment\".\"updatedAt\", \"public\".\"Appointment\".\"note\" FROM \"public\".\"Appointment\" WHERE \"public\".\"Appointment\".\"userId\" = $1 ORDER BY \"public\".\"Appointment\".\"date\" DESC OFFSET $2","timestamp":"2025-04-16T10:18:17.879Z"}
{"level":"debug","message":"Duration: 2ms","timestamp":"2025-04-16T10:18:17.880Z"}
{"level":"debug","message":"Query: SELECT \"public\".\"Service\".\"id\", \"public\".\"Service\".\"name\", \"public\".\"Service\".\"description\", \"public\".\"Service\".\"price\", \"public\".\"Service\".\"duration\", \"public\".\"Service\".\"category\"::text, \"public\".\"Service\".\"createdAt\", \"public\".\"Service\".\"updatedAt\", \"public\".\"Service\".\"imageUrl\" FROM \"public\".\"Service\" WHERE \"public\".\"Service\".\"id\" IN ($1,$2,$3) OFFSET $4","timestamp":"2025-04-16T10:18:17.881Z"}
{"level":"debug","message":"Duration: 1ms","timestamp":"2025-04-16T10:18:17.881Z"}
{"level":"debug","message":"Query: SELECT \"public\".\"Staff\".\"id\", \"public\".\"Staff\".\"name\", \"public\".\"Staff\".\"email\", \"public\".\"Staff\".\"phone\", \"public\".\"Staff\".\"avatarUrl\", \"public\".\"Staff\".\"createdAt\", \"public\".\"Staff\".\"updatedAt\" FROM \"public\".\"Staff\" WHERE \"public\".\"Staff\".\"id\" IN ($1) OFFSET $2","timestamp":"2025-04-16T10:18:17.882Z"}
{"level":"debug","message":"Duration: 0ms","timestamp":"2025-04-16T10:18:17.882Z"}
{"level":"debug","message":"Query: SELECT 1","timestamp":"2025-04-16T10:19:35.215Z"}
{"level":"debug","message":"Duration: 1ms","timestamp":"2025-04-16T10:19:35.215Z"}
{"level":"debug","message":"Query: SELECT \"public\".\"Appointment\".\"id\", \"public\".\"Appointment\".\"userId\", \"public\".\"Appointment\".\"serviceId\", \"public\".\"Appointment\".\"staffId\", \"public\".\"Appointment\".\"date\", \"public\".\"Appointment\".\"timeRange\", \"public\".\"Appointment\".\"status\"::text, \"public\".\"Appointment\".\"createdAt\", \"public\".\"Appointment\".\"updatedAt\", \"public\".\"Appointment\".\"note\" FROM \"public\".\"Appointment\" WHERE \"public\".\"Appointment\".\"userId\" = $1 ORDER BY \"public\".\"Appointment\".\"date\" DESC OFFSET $2","timestamp":"2025-04-16T10:19:35.223Z"}
{"level":"debug","message":"Duration: 8ms","timestamp":"2025-04-16T10:19:35.224Z"}
{"level":"debug","message":"Query: SELECT 1","timestamp":"2025-04-16T10:21:48.884Z"}
{"level":"debug","message":"Duration: 1ms","timestamp":"2025-04-16T10:21:48.884Z"}
{"level":"debug","message":"Query: SELECT \"public\".\"Appointment\".\"id\", \"public\".\"Appointment\".\"userId\", \"public\".\"Appointment\".\"serviceId\", \"public\".\"Appointment\".\"staffId\", \"public\".\"Appointment\".\"date\", \"public\".\"Appointment\".\"timeRange\", \"public\".\"Appointment\".\"status\"::text, \"public\".\"Appointment\".\"createdAt\", \"public\".\"Appointment\".\"updatedAt\", \"public\".\"Appointment\".\"note\" FROM \"public\".\"Appointment\" WHERE \"public\".\"Appointment\".\"userId\" = $1 ORDER BY \"public\".\"Appointment\".\"date\" DESC OFFSET $2","timestamp":"2025-04-16T10:21:48.887Z"}
{"level":"debug","message":"Duration: 0ms","timestamp":"2025-04-16T10:21:48.888Z"}
